OpenROAD v2.0-19576-gec1bf1a13 
Features included (+) or not (-): +GPU +GUI +Python : None
This program is licensed under the BSD-3 license. See the LICENSE file for details.
Components of this program may be licensed under more restrictive licenses which must be honored.
[INFO ORD-0030] Using 8 thread(s).
Perform port buffering...
[INFO RSZ-0027] Inserted 141 input buffers.
[INFO RSZ-0028] Inserted 100 output buffers.
Perform buffer insertion and gate resizing...
repair_design -verbose
[INFO RSZ-0058] Using max wire length 640um.
Iteration |   Area    | Resized | Buffers | Nets repaired | Remaining
---------------------------------------------------------------------
        0 |     +0.0% |       0 |       0 |             0 |     19035
     1000 |     +0.0% |       5 |       0 |             0 |     18035
     2000 |     -0.0% |      10 |       0 |             0 |     17035
     3000 |     -0.0% |      21 |       0 |             0 |     16035
     4000 |     -0.0% |      22 |       0 |             0 |     15035
     5000 |     +0.0% |      26 |       0 |             0 |     14035
     6000 |     +0.0% |      32 |       0 |             0 |     13035
     7000 |     +0.0% |      38 |       0 |             0 |     12035
     8000 |     +0.0% |      53 |       0 |             0 |     11035
     9000 |     +0.0% |      64 |       0 |             0 |     10035
    10000 |     +0.0% |      81 |       0 |             0 |      9035
    11000 |     +0.0% |      98 |       0 |             0 |      8035
    12000 |     +0.1% |     109 |       0 |             0 |      7035
    13000 |     +0.1% |     112 |       0 |             0 |      6035
    14000 |     +0.1% |     119 |       0 |             0 |      5035
    15000 |     +0.1% |     128 |       0 |             0 |      4035
    16000 |     +0.1% |     136 |       0 |             0 |      3035
    17000 |     +0.1% |     137 |       0 |             0 |      2035
    18000 |     +0.1% |     137 |       0 |             0 |      1035
    19000 |     +0.3% |     194 |      22 |             1 |        35
    final |     +0.3% |     194 |      22 |             1 |         0
---------------------------------------------------------------------
[INFO RSZ-0034] Found 1 slew violations.
[INFO RSZ-0036] Found 1 capacitance violations.
[INFO RSZ-0039] Resized 194 instances.
[INFO RSZ-0038] Inserted 22 buffers in 1 nets.
Repair tie lo fanout...
[INFO RSZ-0042] Inserted 6 tie LOGIC0_X1 instances.
Repair tie hi fanout...
Floating nets: 
Report metrics stage 3, resizer...

==========================================================================
resizer report_design_area
--------------------------------------------------------------------------
Design area 33525 u^2 59% utilization.
Instance count before 16583, after 16851
Pin count before 60916, after 61447
Elapsed time: 0:28.56[h:]min:sec. CPU time: user 33.01 sys 14.37 (165%). Peak memory: 333016KB.
