OpenROAD v2.0-19576-gec1bf1a13 
Features included (+) or not (-): +GPU +GUI +Python : None
This program is licensed under the BSD-3 license. See the LICENSE file for details.
Components of this program may be licensed under more restrictive licenses which must be honored.
[INFO ORD-0030] Using 8 thread(s).
source /OpenROAD-flow-scripts/flow/platforms/asap7/liberty_suppressions.tcl
suppress_message STA 1212
[INFO ODB-0227] LEF file: /OpenROAD-flow-scripts/flow/platforms/asap7/lef/asap7_tech_1x_201209.lef, created 24 layers, 9 vias
[INFO ODB-0227] LEF file: /OpenROAD-flow-scripts/flow/platforms/asap7/lef/asap7sc7p5t_28_R_1x_220121a.lef, created 212 library cells
[INFO ODB-0127] Reading DEF file: ./results/asap7/aes/base/asap7_aes.def
[INFO ODB-0128] Design: aes_cipher_top
[INFO ODB-0130]     Created 388 pins.
[INFO ODB-0131]     Created 16732 components and 87517 component-terminals.
[INFO ODB-0132]     Created 2 special nets and 33464 connections.
[INFO ODB-0133]     Created 16543 nets and 54053 connections.
[INFO ODB-0134] Finished DEF file: ./results/asap7/aes/base/asap7_aes.def
source /OpenROAD-flow-scripts/flow/platforms/asap7/fastroute.tcl
global_placement -density 0.65 -pad_left 0 -pad_right 0 -routability_driven -timing_driven
[INFO GPL-0002] DBU: 1000
[INFO GPL-0003] SiteSize: (  0.054  0.270 ) um
[INFO GPL-0004] CoreBBox: (  2.052  2.160 ) ( 67.446 67.230 ) um
[INFO GPL-0006] NumInstances:             16732
[INFO GPL-0007] NumPlaceInstances:        16007
[INFO GPL-0008] NumFixedInstances:          725
[INFO GPL-0009] NumDummyInstances:            0
[INFO GPL-0010] NumNets:                  16543
[INFO GPL-0011] NumPins:                  54441
[INFO GPL-0012] DieBBox:  (  0.000  0.000 ) ( 69.479 69.479 ) um
[INFO GPL-0013] CoreBBox: (  2.052  2.160 ) ( 67.446 67.230 ) um
[INFO GPL-0016] CoreArea:              4255.188 um^2
[INFO GPL-0017] NonPlaceInstsArea:       21.141 um^2
[INFO GPL-0018] PlaceInstsArea:        1729.975 um^2
[INFO GPL-0019] Util:                    40.859 %
[INFO GPL-0020] StdInstsArea:          1729.975 um^2
[INFO GPL-0021] MacroInstsArea:           0.000 um^2
[InitialPlace]  Iter: 1 CG residual: 0.00000359 HPWL: 35671666
[InitialPlace]  Iter: 2 CG residual: 0.00000092 HPWL: 29400715
[InitialPlace]  Iter: 3 CG residual: 0.00000102 HPWL: 29291070
[InitialPlace]  Iter: 4 CG residual: 0.00000521 HPWL: 29455984
[InitialPlace]  Iter: 5 CG residual: 0.00000302 HPWL: 29388000
[INFO GPL-0031] FillerInit:NumGCells:     25891
[INFO GPL-0032] FillerInit:NumGNets:      16543
[INFO GPL-0033] FillerInit:NumGPins:      54441
[INFO GPL-0023] TargetDensity:            0.650
[INFO GPL-0024] AvrgPlaceInstArea:        0.108 um^2
[INFO GPL-0025] IdealBinArea:             0.166 um^2
[INFO GPL-0026] IdealBinCnt:              25591
[INFO GPL-0027] TotalBinArea:          4255.188 um^2
[INFO GPL-0028] BinCnt:       128    128
[INFO GPL-0029] BinSize: (  0.511  0.509 )
[INFO GPL-0030] NumBins: 16384
[NesterovSolve] Iter:    1 overflow: 0.951 HPWL: 29262923
[NesterovSolve] Iter:   10 overflow: 0.861 HPWL: 26115911
[NesterovSolve] Iter:   20 overflow: 0.839 HPWL: 26341025
[NesterovSolve] Iter:   30 overflow: 0.842 HPWL: 25808768
[NesterovSolve] Iter:   40 overflow: 0.838 HPWL: 25680836
[NesterovSolve] Iter:   50 overflow: 0.834 HPWL: 25517965
[NesterovSolve] Iter:   60 overflow: 0.831 HPWL: 25478993
[NesterovSolve] Iter:   70 overflow: 0.827 HPWL: 25503896
[NesterovSolve] Iter:   80 overflow: 0.824 HPWL: 25509496
[NesterovSolve] Iter:   90 overflow: 0.823 HPWL: 25534545
[NesterovSolve] Iter:  100 overflow: 0.821 HPWL: 25581649
[NesterovSolve] Iter:  110 overflow: 0.821 HPWL: 25622105
[NesterovSolve] Iter:  120 overflow: 0.821 HPWL: 25674147
[NesterovSolve] Iter:  130 overflow: 0.820 HPWL: 25743017
[NesterovSolve] Iter:  140 overflow: 0.818 HPWL: 25876930
[NesterovSolve] Iter:  150 overflow: 0.815 HPWL: 26121724
[NesterovSolve] Iter:  160 overflow: 0.810 HPWL: 26576792
[NesterovSolve] Iter:  170 overflow: 0.801 HPWL: 27426491
[NesterovSolve] Iter:  180 overflow: 0.788 HPWL: 28513445
[INFO GPL-0100] Timing-driven iteration 1/5, virtual: true.
[INFO GPL-0101]    Iter: 183, overflow: 0.784, keep rsz at: 0.3, HPWL: 28843597
Iteration |   Area    | Resized | Buffers | Nets repaired | Remaining
---------------------------------------------------------------------
        0 |     +0.0% |       0 |       0 |             0 |     16543
    final |     +8.2% |    3502 |       0 |             0 |         0
---------------------------------------------------------------------
[INFO RSZ-0039] Resized 3502 instances.
[INFO GPL-0106] Timing-driven: worst slack -6.6e-11
[INFO GPL-0103] Timing-driven: weighted 1652 nets.
[NesterovSolve] Iter:  190 overflow: 0.774 HPWL: 29169260
[NesterovSolve] Iter:  200 overflow: 0.760 HPWL: 30456004
[NesterovSolve] Iter:  210 overflow: 0.742 HPWL: 32173039
[NesterovSolve] Iter:  220 overflow: 0.719 HPWL: 34325751
[NesterovSolve] Iter:  230 overflow: 0.696 HPWL: 36007218
[NesterovSolve] Iter:  240 overflow: 0.673 HPWL: 37908321
[NesterovSolve] Iter:  250 overflow: 0.650 HPWL: 39482990
[INFO GPL-0100] Timing-driven iteration 2/5, virtual: true.
[INFO GPL-0101]    Iter: 256, overflow: 0.634, keep rsz at: 0.3, HPWL: 40448932
Iteration |   Area    | Resized | Buffers | Nets repaired | Remaining
---------------------------------------------------------------------
        0 |     +0.0% |       0 |       0 |             0 |     16543
    final |     +8.7% |    3563 |       0 |             0 |         0
---------------------------------------------------------------------
[INFO RSZ-0039] Resized 3563 instances.
[INFO GPL-0106] Timing-driven: worst slack -9.06e-11
[INFO GPL-0103] Timing-driven: weighted 1649 nets.
[NesterovSolve] Iter:  260 overflow: 0.623 HPWL: 41165535
[INFO GPL-0088] Routability snapshot saved at iter = 267
[NesterovSolve] Iter:  270 overflow: 0.593 HPWL: 42773793
[NesterovSolve] Iter:  280 overflow: 0.559 HPWL: 44645195
[NesterovSolve] Iter:  290 overflow: 0.521 HPWL: 46525013
[NesterovSolve] Iter:  300 overflow: 0.475 HPWL: 48311157
[NesterovSolve] Iter:  310 overflow: 0.418 HPWL: 50191156
[NesterovSolve] Iter:  320 overflow: 0.348 HPWL: 52300736
[INFO GPL-0075] Routability iteration: 1
[INFO GPL-0036] TileBBox: (    0    0 ) (  540  540 ) DBU
[INFO GPL-0038] TileCnt:     128  128
[INFO GPL-0040] NumTiles: 16384
[INFO GPL-0081] TotalRouteOverflow: 0.4318
[INFO GPL-0082] OverflowTileCnt: 8
[INFO GPL-0083] 0.5%RC: 0.9370
[INFO GPL-0084] 1.0%RC: 0.8998
[INFO GPL-0085] 2.0%RC: 0.8569
[INFO GPL-0086] 5.0%RC: 0.7933
[INFO GPL-0087] FinalRC: 0.9184023
[INFO GPL-0077] FinalRC lower than targetRC(1.0100), routability not needed.
[NesterovSolve] Iter:  330 overflow: 0.290 HPWL: 53938453
[INFO GPL-0100] Timing-driven iteration 3/5, virtual: false.
[INFO GPL-0101]    Iter: 331, overflow: 0.284, keep rsz at: 0.3, HPWL: 54083816
Iteration |   Area    | Resized | Buffers | Nets repaired | Remaining
---------------------------------------------------------------------
        0 |     +0.0% |       0 |       0 |             0 |     16543
    final |     +9.6% |    3651 |       0 |             0 |         0
---------------------------------------------------------------------
[INFO RSZ-0039] Resized 3651 instances.
[INFO GPL-0106] Timing-driven: worst slack -1.03e-10
[INFO GPL-0103] Timing-driven: weighted 1654 nets.
[INFO GPL-0107] Timing-driven: repair_design delta area: 166.868 um^2 (+9.65%)
[INFO GPL-0108] Timing-driven: repair_design, gpl cells created: 0 (+0.00%)
[INFO GPL-0109] Timing-driven: inserted buffers as reported by repair_design: 0
[INFO GPL-0110] Timing-driven: new target density: 0.68941104
[NesterovSolve] Iter:  340 overflow: 0.229 HPWL: 51017275
[INFO GPL-0100] Timing-driven iteration 4/5, virtual: false.
[INFO GPL-0101]    Iter: 347, overflow: 0.204, keep rsz at: 0.3, HPWL: 50631121
Iteration |   Area    | Resized | Buffers | Nets repaired | Remaining
---------------------------------------------------------------------
        0 |     +0.0% |       0 |       0 |             0 |     16543
    final |     +1.1% |     510 |       0 |             0 |         0
---------------------------------------------------------------------
[INFO RSZ-0039] Resized 510 instances.
[INFO GPL-0106] Timing-driven: worst slack -1.04e-10
[INFO GPL-0103] Timing-driven: weighted 1653 nets.
[INFO GPL-0107] Timing-driven: repair_design delta area: 21.593 um^2 (+1.14%)
[INFO GPL-0108] Timing-driven: repair_design, gpl cells created: 0 (+0.00%)
[INFO GPL-0109] Timing-driven: inserted buffers as reported by repair_design: 0
[INFO GPL-0110] Timing-driven: new target density: 0.6945109
[NesterovSolve] Iter:  350 overflow: 0.191 HPWL: 50855145
[NesterovSolve] Iter:  360 overflow: 0.165 HPWL: 50818829
[INFO GPL-0100] Timing-driven iteration 5/5, virtual: false.
[INFO GPL-0101]    Iter: 369, overflow: 0.144, keep rsz at: 0.3, HPWL: 50836189
Iteration |   Area    | Resized | Buffers | Nets repaired | Remaining
---------------------------------------------------------------------
        0 |     +0.0% |       0 |       0 |             0 |     16543
    final |     +0.4% |     258 |       0 |             0 |         0
---------------------------------------------------------------------
[INFO RSZ-0039] Resized 258 instances.
[INFO GPL-0106] Timing-driven: worst slack -1.01e-10
[INFO GPL-0103] Timing-driven: weighted 1653 nets.
[INFO GPL-0107] Timing-driven: repair_design delta area: 7.538 um^2 (+0.39%)
[INFO GPL-0108] Timing-driven: repair_design, gpl cells created: 0 (+0.00%)
[INFO GPL-0109] Timing-driven: inserted buffers as reported by repair_design: 0
[INFO GPL-0110] Timing-driven: new target density: 0.6962912
[NesterovSolve] Iter:  370 overflow: 0.142 HPWL: 50856815
[NesterovSolve] Iter:  380 overflow: 0.122 HPWL: 50875912
[NesterovSolve] Iter:  390 overflow: 0.103 HPWL: 50924730
[NesterovSolve] Finished with Overflow: 0.098855
Took 37 seconds: global_placement -density 0.65 -pad_left 0 -pad_right 0 -routability_driven -timing_driven
Report metrics stage 3, global place...

==========================================================================
global place report_design_area
--------------------------------------------------------------------------
Design area 1926 u^2 45% utilization.
Elapsed time: 0:44.44[h:]min:sec. CPU time: user 129.92 sys 23.74 (345%). Peak memory: 685256KB.
