OpenROAD v2.0-19576-gec1bf1a13 
Features included (+) or not (-): +GPU +GUI +Python : None
This program is licensed under the BSD-3 license. See the LICENSE file for details.
Components of this program may be licensed under more restrictive licenses which must be honored.
[INFO ORD-0030] Using 8 thread(s).
source /OpenROAD-flow-scripts/flow/platforms/asap7/liberty_suppressions.tcl
suppress_message STA 1212
Perform port buffering...
[INFO RSZ-0027] Inserted 258 input buffers.
[INFO RSZ-0028] Inserted 129 output buffers.
Perform buffer insertion and gate resizing...
repair_design -verbose
[INFO RSZ-0058] Using max wire length 162um.
Iteration |   Area    | Resized | Buffers | Nets repaired | Remaining
---------------------------------------------------------------------
        0 |     +0.0% |       0 |       0 |             0 |     16930
     1000 |     +0.0% |       3 |       0 |             0 |     15930
     2000 |     +0.0% |       3 |       0 |             0 |     14930
     3000 |     +0.0% |       3 |       0 |             0 |     13930
     4000 |     +0.0% |       4 |       0 |             0 |     12930
     5000 |     +0.0% |       5 |       0 |             0 |     11930
     6000 |     +0.0% |       6 |       0 |             0 |     10930
     7000 |     +0.0% |       7 |       0 |             0 |      9930
     8000 |     +0.0% |       8 |       0 |             0 |      8930
     9000 |     +0.0% |      14 |       0 |             0 |      7930
    10000 |     +0.0% |      20 |       0 |             0 |      6930
    11000 |     +0.0% |      32 |       0 |             0 |      5930
    12000 |     +0.0% |      43 |       0 |             0 |      4930
    13000 |     +0.1% |      62 |       0 |             0 |      3930
    14000 |     +0.1% |      66 |       0 |             0 |      2930
    15000 |     +0.1% |      71 |       0 |             0 |      1930
    16000 |     +0.1% |     108 |       0 |             0 |       930
    final |     +0.1% |     144 |       0 |             0 |         0
---------------------------------------------------------------------
[INFO RSZ-0039] Resized 144 instances.
Repair tie lo fanout...
Repair tie hi fanout...
Floating nets: 
Report metrics stage 3, resizer...

==========================================================================
resizer report_design_area
--------------------------------------------------------------------------
Design area 1956 u^2 46% utilization.
Instance count before 16732, after 17119
Pin count before 54053, after 54827
Elapsed time: 0:11.79[h:]min:sec. CPU time: user 15.40 sys 4.32 (167%). Peak memory: 548704KB.
