OpenROAD v2.0-19576-gec1bf1a13 
Features included (+) or not (-): +GPU +GUI +Python : None
This program is licensed under the BSD-3 license. See the LICENSE file for details.
Components of this program may be licensed under more restrictive licenses which must be honored.
[INFO ORD-0030] Using 8 thread(s).
source /OpenROAD-flow-scripts/flow/platforms/asap7/liberty_suppressions.tcl
suppress_message STA 1212
Perform port buffering...
[INFO RSZ-0027] Inserted 149 input buffers.
[INFO RSZ-0028] Inserted 100 output buffers.
Perform buffer insertion and gate resizing...
repair_design -verbose
[INFO RSZ-0058] Using max wire length 162um.
Iteration |   Area    | Resized | Buffers | Nets repaired | Remaining
---------------------------------------------------------------------
        0 |     +0.0% |       0 |       0 |             0 |     19506
     1000 |     +0.0% |       1 |       0 |             0 |     18506
     2000 |     +0.0% |       1 |       0 |             0 |     17506
     3000 |     -0.0% |       8 |       0 |             0 |     16506
     4000 |     -0.0% |      13 |       0 |             0 |     15506
     5000 |     +0.0% |      21 |       0 |             0 |     14506
     6000 |     +0.0% |      25 |       0 |             0 |     13506
     7000 |     +0.0% |      30 |       0 |             0 |     12506
     8000 |     +0.0% |      34 |       0 |             0 |     11506
     9000 |     +0.0% |      44 |       0 |             0 |     10506
    10000 |     +0.0% |      53 |       0 |             0 |      9506
    11000 |     +0.0% |      59 |       0 |             0 |      8506
    12000 |     +0.0% |      63 |       0 |             0 |      7506
    13000 |     +0.0% |      68 |       0 |             0 |      6506
    14000 |     +0.0% |      70 |       0 |             0 |      5506
    15000 |     +0.0% |      76 |       0 |             0 |      4506
    16000 |     +0.0% |      89 |       0 |             0 |      3506
    17000 |     -0.0% |     107 |       0 |             0 |      2506
    18000 |     -0.0% |     111 |       0 |             0 |      1506
    19000 |     -0.0% |     113 |       0 |             0 |       506
    final |     -0.0% |     134 |       0 |             0 |         0
---------------------------------------------------------------------
[INFO RSZ-0039] Resized 134 instances.
Repair tie lo fanout...
[INFO RSZ-0042] Inserted 6 tie TIELOx1_ASAP7_75t_R instances.
Repair tie hi fanout...
[INFO RSZ-0042] Inserted 1658 tie TIEHIx1_ASAP7_75t_R instances.
Floating nets: 
Report metrics stage 3, resizer...

==========================================================================
resizer report_design_area
--------------------------------------------------------------------------
Design area 2540 u^2 45% utilization.
Instance count before 19530, after 21441
Pin count before 68433, after 70593
Elapsed time: 0:27.84[h:]min:sec. CPU time: user 32.03 sys 8.49 (145%). Peak memory: 569248KB.
