OpenROAD v2.0-19576-gec1bf1a13 
Features included (+) or not (-): +GPU +GUI +Python : None
This program is licensed under the BSD-3 license. See the LICENSE file for details.
Components of this program may be licensed under more restrictive licenses which must be honored.
[INFO ORD-0030] Using 8 thread(s).
Perform port buffering...
[INFO RSZ-0027] Inserted 141 input buffers.
[INFO RSZ-0028] Inserted 100 output buffers.
Perform buffer insertion and gate resizing...
repair_design -verbose
[INFO RSZ-0058] Using max wire length 640um.
Iteration |   Area    | Resized | Buffers | Nets repaired | Remaining
---------------------------------------------------------------------
        0 |     +0.0% |       0 |       0 |             0 |     19034
     1000 |     +0.0% |       1 |       0 |             0 |     18034
     2000 |     +0.0% |       7 |       0 |             0 |     17034
     3000 |     +0.0% |      23 |       0 |             0 |     16034
     4000 |     +0.0% |      25 |       0 |             0 |     15034
     5000 |     +0.0% |      30 |       0 |             0 |     14034
     6000 |     +0.0% |      34 |       0 |             0 |     13034
     7000 |     +0.0% |      42 |       0 |             0 |     12034
     8000 |     +0.0% |      53 |       0 |             0 |     11034
     9000 |     +0.1% |      63 |       0 |             0 |     10034
    10000 |     +0.1% |      76 |       0 |             0 |      9034
    11000 |     +0.1% |      89 |       0 |             0 |      8034
    12000 |     +0.1% |      94 |       0 |             0 |      7034
    13000 |     +0.1% |      98 |       0 |             0 |      6034
    14000 |     +0.1% |     104 |       0 |             0 |      5034
    15000 |     +0.1% |     113 |       0 |             0 |      4034
    16000 |     +0.1% |     124 |       0 |             0 |      3034
    17000 |     +0.1% |     125 |       0 |             0 |      2034
    18000 |     +0.1% |     125 |       0 |             0 |      1034
    19000 |     +0.3% |     180 |      22 |             1 |        34
    final |     +0.3% |     180 |      22 |             1 |         0
---------------------------------------------------------------------
[INFO RSZ-0034] Found 1 slew violations.
[INFO RSZ-0036] Found 1 capacitance violations.
[INFO RSZ-0039] Resized 180 instances.
[INFO RSZ-0038] Inserted 22 buffers in 1 nets.
Repair tie lo fanout...
[INFO RSZ-0042] Inserted 6 tie LOGIC0_X1 instances.
Repair tie hi fanout...
Floating nets: 
Report metrics stage 3, resizer...

==========================================================================
resizer report_design_area
--------------------------------------------------------------------------
Design area 33511 u^2 59% utilization.
Instance count before 16582, after 16850
Pin count before 60914, after 61445
Elapsed time: 0:20.25[h:]min:sec. CPU time: user 23.15 sys 7.90 (153%). Peak memory: 333300KB.
