OpenROAD v2.0-19576-gec1bf1a13 
Features included (+) or not (-): +GPU +GUI +Python : None
This program is licensed under the BSD-3 license. See the LICENSE file for details.
Components of this program may be licensed under more restrictive licenses which must be honored.
[INFO ORD-0030] Using 8 thread(s).
Placement Analysis
---------------------------------
total displacement      16496.6 u
average displacement        1.0 u
max displacement            8.1 u
original HPWL          264208.0 u
legalized HPWL         278852.3 u
delta HPWL                    6 %

Detailed placement improvement.
Importing netlist into detailed improver.
[INFO DPO-0100] Creating network with 16850 cells, 264 terminals, 19061 edges, 61709 pins, and 0 blockages.
[INFO DPO-0109] Network stats: inst 17114, edges 19061, pins 61709
[INFO DPO-0110] Number of regions is 1
[INFO DPO-0401] Setting random seed to 1.
[INFO DPO-0402] Setting maximum displacement 5 1 to 14000 2800 units.
[INFO DPO-0320] Collected 690 fixed cells.
[INFO DPO-0318] Collected 16424 single height cells.
[INFO DPO-0321] Collected 0 wide cells.
[INFO DPO-0322] Image (2280, 2800) - (481460, 478800)
[INFO DPO-0310] Assigned 16424 cells into segments.  Movement in X-direction is 0.000000, movement in Y-direction is 0.000000.
[INFO DPO-0313] Found 0 cells in wrong regions.
[INFO DPO-0315] Found 0 row alignment problems.
[INFO DPO-0314] Found 0 site alignment problems.
[INFO DPO-0311] Found 0 overlaps between adjacent cells.
[INFO DPO-0312] Found 0 edge spacing violations and 0 padding violations.
[INFO DPO-0303] Running algorithm for independent set matching.
[INFO DPO-0300] Set matching objective is wirelength.
[INFO DPO-0301] Pass   1 of matching; objective is 5.608555e+08.
[INFO DPO-0302] End of matching; objective is 5.604017e+08, improvement is 0.08 percent.
[INFO DPO-0303] Running algorithm for global swaps.
[INFO DPO-0306] Pass   1 of global swaps; hpwl is 5.545445e+08.
[INFO DPO-0306] Pass   2 of global swaps; hpwl is 5.533597e+08.
[INFO DPO-0307] End of global swaps; objective is 5.533597e+08, improvement is 1.26 percent.
[INFO DPO-0303] Running algorithm for vertical swaps.
[INFO DPO-0308] Pass   1 of vertical swaps; hpwl is 5.522291e+08.
[INFO DPO-0309] End of vertical swaps; objective is 5.522291e+08, improvement is 0.20 percent.
[INFO DPO-0303] Running algorithm for reordering.
[INFO DPO-0304] Pass   1 of reordering; objective is 5.506103e+08.
[INFO DPO-0305] End of reordering; objective is 5.506103e+08, improvement is 0.29 percent.
[INFO DPO-0303] Running algorithm for random improvement.
[INFO DPO-0324] Random improver is using displacement generator.
[INFO DPO-0325] Random improver is using hpwl objective.
[INFO DPO-0326] Random improver cost string is (a).
[INFO DPO-0332] End of pass, Generator displacement called 328480 times.
[INFO DPO-0335] Generator displacement, Cumulative attempts 328480, swaps 61381, moves 65875 since last reset.
[INFO DPO-0333] End of pass, Objective hpwl, Initial cost 5.491878e+08, Scratch cost 5.456580e+08, Incremental cost 5.456580e+08, Mismatch? N
[INFO DPO-0338] End of pass, Total cost is 5.456580e+08.
[INFO DPO-0327] Pass   1 of random improver; improvement in cost is 0.64 percent.
[INFO DPO-0328] End of random improver; improvement is 0.642745 percent.
[INFO DPO-0380] Cell flipping.
[INFO DPO-0382] Changed 8232 cell orientations for row compatibility.
[INFO DPO-0383] Performed 4517 cell flips.
[INFO DPO-0384] End of flipping; objective is 5.420684e+08, improvement is 0.92 percent.
[INFO DPO-0313] Found 0 cells in wrong regions.
[INFO DPO-0315] Found 0 row alignment problems.
[INFO DPO-0314] Found 0 site alignment problems.
[INFO DPO-0311] Found 0 overlaps between adjacent cells.
[INFO DPO-0312] Found 0 edge spacing violations and 0 padding violations.
Detailed Improvement Results
------------------------------------------
Original HPWL           278852.3 u
Final HPWL              269186.4 u
Delta HPWL                  -3.5 %

[INFO DPL-0020] Mirrored 1019 instances
[INFO DPL-0021] HPWL before          269186.4 u
[INFO DPL-0022] HPWL after           269059.5 u
[INFO DPL-0023] HPWL delta               -0.0 %
[INFO FLW-0012] Placement violations .
Report metrics stage 3, detailed place...

==========================================================================
detailed place report_design_area
--------------------------------------------------------------------------
Design area 33511 u^2 59% utilization.
Elapsed time: 0:21.71[h:]min:sec. CPU time: user 22.66 sys 8.71 (144%). Peak memory: 239408KB.
