OpenROAD v2.0-19576-gec1bf1a13 
Features included (+) or not (-): +GPU +GUI +Python : None
This program is licensed under the BSD-3 license. See the LICENSE file for details.
Components of this program may be licensed under more restrictive licenses which must be honored.
[INFO ORD-0030] Using 8 thread(s).
./results/asap7/gcd/base
source /OpenROAD-flow-scripts/flow/platforms/asap7/liberty_suppressions.tcl
suppress_message STA 1212
[INFO ODB-0227] LEF file: /OpenROAD-flow-scripts/flow/platforms/asap7/lef/asap7_tech_1x_201209.lef, created 24 layers, 9 vias
[INFO ODB-0227] LEF file: /OpenROAD-flow-scripts/flow/platforms/asap7/lef/asap7sc7p5t_28_R_1x_220121a.lef, created 212 library cells
[INFO ODB-0127] Reading DEF file: ./results/asap7/gcd/base/asap7_gcd.def
[INFO ODB-0128] Design: gcd
[INFO ODB-0130]     Created 54 pins.
[INFO ODB-0131]     Created 419 components and 1955 component-terminals.
[INFO ODB-0132]     Created 2 special nets and 838 connections.
[INFO ODB-0133]     Created 368 nets and 1117 connections.
[INFO ODB-0134] Finished DEF file: ./results/asap7/gcd/base/asap7_gcd.def
source /OpenROAD-flow-scripts/flow/platforms/asap7/fastroute.tcl
global_placement -density 0.35 -pad_left 0 -pad_right 0 -routability_driven -timing_driven
[INFO GPL-0002] DBU: 1000
[INFO GPL-0003] SiteSize: (  0.054  0.270 ) um
[INFO GPL-0004] CoreBBox: (  1.080  1.080 ) ( 15.120 15.120 ) um
[INFO GPL-0006] NumInstances:               419
[INFO GPL-0007] NumPlaceInstances:          315
[INFO GPL-0008] NumFixedInstances:          104
[INFO GPL-0009] NumDummyInstances:            0
[INFO GPL-0010] NumNets:                    368
[INFO GPL-0011] NumPins:                   1171
[INFO GPL-0012] DieBBox:  (  0.000  0.000 ) ( 16.200 16.200 ) um
[INFO GPL-0013] CoreBBox: (  1.080  1.080 ) ( 15.120 15.120 ) um
[INFO GPL-0016] CoreArea:               197.122 um^2
[INFO GPL-0017] NonPlaceInstsArea:        3.033 um^2
[INFO GPL-0018] PlaceInstsArea:          37.718 um^2
[INFO GPL-0019] Util:                    19.434 %
[INFO GPL-0020] StdInstsArea:            37.718 um^2
[INFO GPL-0021] MacroInstsArea:           0.000 um^2
[InitialPlace]  Iter: 1 CG residual: 0.00000004 HPWL: 918478
[InitialPlace]  Iter: 2 CG residual: 0.00000010 HPWL: 916244
[InitialPlace]  Iter: 3 CG residual: 0.00000010 HPWL: 927486
[InitialPlace]  Iter: 4 CG residual: 0.00000010 HPWL: 935425
[InitialPlace]  Iter: 5 CG residual: 0.00000010 HPWL: 932894
[INFO GPL-0031] FillerInit:NumGCells:       580
[INFO GPL-0032] FillerInit:NumGNets:        368
[INFO GPL-0033] FillerInit:NumGPins:       1171
[INFO GPL-0023] TargetDensity:            0.350
[INFO GPL-0024] AvrgPlaceInstArea:        0.120 um^2
[INFO GPL-0025] IdealBinArea:             0.342 um^2
[INFO GPL-0026] IdealBinCnt:                576
[INFO GPL-0027] TotalBinArea:           197.122 um^2
[INFO GPL-0028] BinCnt:        16     16
[INFO GPL-0029] BinSize: (  0.878  0.878 )
[INFO GPL-0030] NumBins: 256
[NesterovSolve] Iter:    1 overflow: 0.718 HPWL: 791943
[INFO GPL-0100] Timing-driven iteration 1/5, virtual: true.
[INFO GPL-0101]    Iter: 1, overflow: 0.718, keep rsz at: 0.3, HPWL: 791943
Iteration |   Area    | Resized | Buffers | Nets repaired | Remaining
---------------------------------------------------------------------
        0 |     +0.0% |       0 |       0 |             0 |       368
    final |     +4.3% |      64 |       0 |             0 |         0
---------------------------------------------------------------------
[INFO RSZ-0039] Resized 64 instances.
[INFO GPL-0106] Timing-driven: worst slack -3.62e-11
[INFO GPL-0103] Timing-driven: weighted 35 nets.
[INFO GPL-0100] Timing-driven iteration 2/5, virtual: true.
[INFO GPL-0101]    Iter: 6, overflow: 0.625, keep rsz at: 0.3, HPWL: 809598
Iteration |   Area    | Resized | Buffers | Nets repaired | Remaining
---------------------------------------------------------------------
        0 |     +0.0% |       0 |       0 |             0 |       368
    final |     +4.2% |      63 |       0 |             0 |         0
---------------------------------------------------------------------
[INFO RSZ-0039] Resized 63 instances.
[INFO GPL-0106] Timing-driven: worst slack -3.28e-11
[INFO GPL-0103] Timing-driven: weighted 36 nets.
[INFO GPL-0088] Routability snapshot saved at iter = 8
[NesterovSolve] Iter:   10 overflow: 0.592 HPWL: 813677
[NesterovSolve] Iter:   20 overflow: 0.567 HPWL: 814251
[NesterovSolve] Iter:   30 overflow: 0.577 HPWL: 812562
[NesterovSolve] Iter:   40 overflow: 0.574 HPWL: 813315
[NesterovSolve] Iter:   50 overflow: 0.574 HPWL: 813130
[NesterovSolve] Iter:   60 overflow: 0.574 HPWL: 813072
[NesterovSolve] Iter:   70 overflow: 0.574 HPWL: 813209
[NesterovSolve] Iter:   80 overflow: 0.573 HPWL: 813218
[NesterovSolve] Iter:   90 overflow: 0.573 HPWL: 813295
[NesterovSolve] Iter:  100 overflow: 0.572 HPWL: 813474
[NesterovSolve] Iter:  110 overflow: 0.570 HPWL: 813783
[NesterovSolve] Iter:  120 overflow: 0.568 HPWL: 814306
[NesterovSolve] Iter:  130 overflow: 0.564 HPWL: 815062
[NesterovSolve] Iter:  140 overflow: 0.557 HPWL: 815558
[NesterovSolve] Iter:  150 overflow: 0.548 HPWL: 816194
[NesterovSolve] Iter:  160 overflow: 0.536 HPWL: 817638
[NesterovSolve] Iter:  170 overflow: 0.524 HPWL: 821509
[NesterovSolve] Iter:  180 overflow: 0.507 HPWL: 825856
[NesterovSolve] Iter:  190 overflow: 0.479 HPWL: 827215
[NesterovSolve] Iter:  200 overflow: 0.447 HPWL: 828459
[NesterovSolve] Iter:  210 overflow: 0.414 HPWL: 832545
[NesterovSolve] Iter:  220 overflow: 0.367 HPWL: 833505
[NesterovSolve] Iter:  230 overflow: 0.321 HPWL: 834521
[INFO GPL-0075] Routability iteration: 1
[INFO GPL-0036] TileBBox: (    0    0 ) (  540  540 ) DBU
[INFO GPL-0038] TileCnt:      30   30
[INFO GPL-0040] NumTiles: 900
[INFO GPL-0081] TotalRouteOverflow: 0.0000
[INFO GPL-0082] OverflowTileCnt: 0
[INFO GPL-0083] 0.5%RC: 0.6397
[INFO GPL-0084] 1.0%RC: 0.6184
[INFO GPL-0085] 2.0%RC: 0.5940
[INFO GPL-0086] 5.0%RC: 0.5594
[INFO GPL-0087] FinalRC: 0.6290176
[INFO GPL-0077] FinalRC lower than targetRC(1.0100), routability not needed.
[NesterovSolve] Iter:  240 overflow: 0.283 HPWL: 838282
[INFO GPL-0100] Timing-driven iteration 3/5, virtual: false.
[INFO GPL-0101]    Iter: 240, overflow: 0.283, keep rsz at: 0.3, HPWL: 838282
Iteration |   Area    | Resized | Buffers | Nets repaired | Remaining
---------------------------------------------------------------------
        0 |     +0.0% |       0 |       0 |             0 |       368
    final |     +4.4% |      63 |       0 |             0 |         0
---------------------------------------------------------------------
[INFO RSZ-0039] Resized 63 instances.
[INFO GPL-0106] Timing-driven: worst slack -3.44e-11
[INFO GPL-0103] Timing-driven: weighted 36 nets.
[INFO GPL-0107] Timing-driven: repair_design delta area: 1.662 um^2 (+4.41%)
[INFO GPL-0108] Timing-driven: repair_design, gpl cells created: 0 (+0.00%)
[INFO GPL-0109] Timing-driven: inserted buffers as reported by repair_design: 0
[INFO GPL-0110] Timing-driven: new target density: 0.3585637
[NesterovSolve] Iter:  250 overflow: 0.313 HPWL: 603169
[NesterovSolve] Iter:  260 overflow: 0.255 HPWL: 603245
[NesterovSolve] Iter:  270 overflow: 0.224 HPWL: 604948
[INFO GPL-0100] Timing-driven iteration 4/5, virtual: false.
[INFO GPL-0101]    Iter: 274, overflow: 0.203, keep rsz at: 0.3, HPWL: 608666
Iteration |   Area    | Resized | Buffers | Nets repaired | Remaining
---------------------------------------------------------------------
        0 |     +0.0% |       0 |       0 |             0 |       368
    final |     -0.1% |       1 |       0 |             0 |         0
---------------------------------------------------------------------
[INFO RSZ-0039] Resized 1 instances.
[INFO GPL-0106] Timing-driven: worst slack -3.47e-11
[INFO GPL-0103] Timing-driven: weighted 36 nets.
[INFO GPL-0107] Timing-driven: repair_design delta area: -0.029 um^2 (-0.07%)
[INFO GPL-0108] Timing-driven: repair_design, gpl cells created: 0 (+0.00%)
[INFO GPL-0109] Timing-driven: inserted buffers as reported by repair_design: 0
[INFO GPL-0110] Timing-driven: new target density: 0.35841346
[NesterovSolve] Iter:  280 overflow: 0.177 HPWL: 612345
[NesterovSolve] Iter:  290 overflow: 0.154 HPWL: 616454
[INFO GPL-0100] Timing-driven iteration 5/5, virtual: false.
[INFO GPL-0101]    Iter: 293, overflow: 0.143, keep rsz at: 0.3, HPWL: 619795
Iteration |   Area    | Resized | Buffers | Nets repaired | Remaining
---------------------------------------------------------------------
        0 |     +0.0% |       0 |       0 |             0 |       368
    final |     +0.1% |       3 |       0 |             0 |         0
---------------------------------------------------------------------
[INFO RSZ-0039] Resized 3 instances.
[INFO GPL-0106] Timing-driven: worst slack -3.54e-11
[INFO GPL-0103] Timing-driven: weighted 36 nets.
[INFO GPL-0107] Timing-driven: repair_design delta area: 0.029 um^2 (+0.07%)
[INFO GPL-0108] Timing-driven: repair_design, gpl cells created: 0 (+0.00%)
[INFO GPL-0109] Timing-driven: inserted buffers as reported by repair_design: 0
[INFO GPL-0110] Timing-driven: new target density: 0.3585637
[NesterovSolve] Iter:  300 overflow: 0.124 HPWL: 622536
[NesterovSolve] Iter:  310 overflow: 0.105 HPWL: 628701
[NesterovSolve] Finished with Overflow: 0.098990
Report metrics stage 3, global place...

==========================================================================
global place report_design_area
--------------------------------------------------------------------------
Design area 39 u^2 20% utilization.
Elapsed time: 0:03.77[h:]min:sec. CPU time: user 10.71 sys 1.20 (316%). Peak memory: 531000KB.
