OpenROAD v2.0-19576-gec1bf1a13 
Features included (+) or not (-): +GPU +GUI +Python : None
This program is licensed under the BSD-3 license. See the LICENSE file for details.
Components of this program may be licensed under more restrictive licenses which must be honored.
[INFO ORD-0030] Using 8 thread(s).
Placement Analysis
---------------------------------
total displacement      50564.8 u
average displacement        0.8 u
max displacement            4.3 u
original HPWL          898209.4 u
legalized HPWL         935000.4 u
delta HPWL                    4 %

Detailed placement improvement.
Importing netlist into detailed improver.
[INFO DPO-0100] Creating network with 61938 cells, 47 terminals, 73179 edges, 197630 pins, and 0 blockages.
[INFO DPO-0109] Network stats: inst 61985, edges 73179, pins 197630
[INFO DPO-0110] Number of regions is 1
[INFO DPO-0401] Setting random seed to 1.
[INFO DPO-0402] Setting maximum displacement 5 1 to 14000 2800 units.
[INFO DPO-0320] Collected 1163 fixed cells.
[INFO DPO-0318] Collected 60822 single height cells.
[INFO DPO-0321] Collected 0 wide cells.
[INFO DPO-0322] Image (2280, 2800) - (894900, 893200)
[INFO DPO-0310] Assigned 60822 cells into segments.  Movement in X-direction is 0.000000, movement in Y-direction is 0.000000.
[INFO DPO-0313] Found 0 cells in wrong regions.
[INFO DPO-0315] Found 0 row alignment problems.
[INFO DPO-0314] Found 0 site alignment problems.
[INFO DPO-0311] Found 0 overlaps between adjacent cells.
[INFO DPO-0312] Found 0 edge spacing violations and 0 padding violations.
[INFO DPO-0303] Running algorithm for independent set matching.
[INFO DPO-0300] Set matching objective is wirelength.
[INFO DPO-0301] Pass   1 of matching; objective is 1.882751e+09.
[INFO DPO-0302] End of matching; objective is 1.880882e+09, improvement is 0.10 percent.
[INFO DPO-0303] Running algorithm for global swaps.
[INFO DPO-0306] Pass   1 of global swaps; hpwl is 1.860158e+09.
[INFO DPO-0306] Pass   2 of global swaps; hpwl is 1.856341e+09.
[INFO DPO-0307] End of global swaps; objective is 1.856341e+09, improvement is 1.30 percent.
[INFO DPO-0303] Running algorithm for vertical swaps.
[INFO DPO-0308] Pass   1 of vertical swaps; hpwl is 1.852628e+09.
[INFO DPO-0309] End of vertical swaps; objective is 1.852628e+09, improvement is 0.20 percent.
[INFO DPO-0303] Running algorithm for reordering.
[INFO DPO-0304] Pass   1 of reordering; objective is 1.849573e+09.
[INFO DPO-0305] End of reordering; objective is 1.849573e+09, improvement is 0.16 percent.
[INFO DPO-0303] Running algorithm for random improvement.
[INFO DPO-0324] Random improver is using displacement generator.
[INFO DPO-0325] Random improver is using hpwl objective.
[INFO DPO-0326] Random improver cost string is (a).
[INFO DPO-0332] End of pass, Generator displacement called 1216440 times.
[INFO DPO-0335] Generator displacement, Cumulative attempts 1216440, swaps 183467, moves 344529 since last reset.
[INFO DPO-0333] End of pass, Objective hpwl, Initial cost 1.847873e+09, Scratch cost 1.837583e+09, Incremental cost 1.837583e+09, Mismatch? N
[INFO DPO-0338] End of pass, Total cost is 1.837583e+09.
[INFO DPO-0327] Pass   1 of random improver; improvement in cost is 0.56 percent.
[INFO DPO-0328] End of random improver; improvement is 0.556881 percent.
[INFO DPO-0380] Cell flipping.
[INFO DPO-0382] Changed 30467 cell orientations for row compatibility.
[INFO DPO-0383] Performed 19486 cell flips.
[INFO DPO-0384] End of flipping; objective is 1.827263e+09, improvement is 0.65 percent.
[INFO DPO-0313] Found 0 cells in wrong regions.
[INFO DPO-0315] Found 0 row alignment problems.
[INFO DPO-0314] Found 0 site alignment problems.
[INFO DPO-0311] Found 0 overlaps between adjacent cells.
[INFO DPO-0312] Found 0 edge spacing violations and 0 padding violations.
Detailed Improvement Results
------------------------------------------
Original HPWL           935000.4 u
Final HPWL              905777.2 u
Delta HPWL                  -3.1 %

[INFO DPL-0020] Mirrored 4657 instances
[INFO DPL-0021] HPWL before          905777.2 u
[INFO DPL-0022] HPWL after           905204.3 u
[INFO DPL-0023] HPWL delta               -0.1 %
[INFO FLW-0012] Placement violations .
Report metrics stage 3, detailed place...

==========================================================================
detailed place report_design_area
--------------------------------------------------------------------------
Design area 95687 u^2 48% utilization.
Elapsed time: 0:54.52[h:]min:sec. CPU time: user 62.83 sys 19.71 (151%). Peak memory: 518588KB.
