OpenROAD v2.0-19576-gec1bf1a13 
Features included (+) or not (-): +GPU +GUI +Python : None
This program is licensed under the BSD-3 license. See the LICENSE file for details.
Components of this program may be licensed under more restrictive licenses which must be honored.
[INFO ORD-0030] Using 8 thread(s).
clock_tree_synthesis -sink_clustering_enable -balance_levels -sink_clustering_size 50 -sink_clustering_max_diameter 20
[INFO CTS-0050] Root buffer is CLKBUF_X3.
[INFO CTS-0051] Sink buffer is CLKBUF_X3.
[INFO CTS-0052] The following clock buffers will be used for CTS:
                    CLKBUF_X3
[INFO CTS-0049] Characterization buffer is CLKBUF_X3.
[INFO CTS-0007] Net "clk" found for clock "clk".
[INFO CTS-0010]  Clock net "clk" has 4383 sinks.
[INFO CTS-0008] TritonCTS found 1 clock nets.
[INFO CTS-0097] Characterization used 1 buffer(s) types.
[INFO CTS-0200] 0 placement blockages have been identified.
[INFO CTS-0201] 0 placed hard macros will be treated like blockages.
[INFO CTS-0027] Generating H-Tree topology for net clk.
[INFO CTS-0028]  Total number of sinks: 4383.
[INFO CTS-0029]  Sinks will be clustered in groups of up to 50 and with maximum cluster diameter of 20.0 um.
[INFO CTS-0030]  Number of static layers: 0.
[INFO CTS-0020]  Wire segment unit: 14000  dbu (7 um).
[INFO CTS-0204] A clustering solution was found from clustering size of 50 and clustering diameter of 20.
[INFO CTS-0205] Better solution may be possible if either -sink_clustering_size, -sink_clustering_max_diameter, or both options are omitted to enable automatic clustering.
[INFO CTS-0019]  Total number of sinks after clustering: 667.
[INFO CTS-0024]  Normalized sink region: [(1.56732, 5.38243), (63.6643, 63.6374)].
[INFO CTS-0025]     Width:  62.0970.
[INFO CTS-0026]     Height: 58.2550.
 Level 1
    Direction: Horizontal
    Sinks per sub-region: 334
    Sub-region size: 31.0485 X 58.2550
[INFO CTS-0034]     Segment length (rounded): 16.
 Level 2
    Direction: Vertical
    Sinks per sub-region: 167
    Sub-region size: 31.0485 X 29.1275
[INFO CTS-0034]     Segment length (rounded): 14.
 Level 3
    Direction: Horizontal
    Sinks per sub-region: 84
    Sub-region size: 15.5242 X 29.1275
[INFO CTS-0034]     Segment length (rounded): 8.
 Level 4
    Direction: Vertical
    Sinks per sub-region: 42
    Sub-region size: 15.5242 X 14.5637
[INFO CTS-0034]     Segment length (rounded): 8.
 Level 5
    Direction: Horizontal
    Sinks per sub-region: 21
    Sub-region size: 7.7621 X 14.5637
[INFO CTS-0034]     Segment length (rounded): 4.
 Level 6
    Direction: Vertical
    Sinks per sub-region: 11
    Sub-region size: 7.7621 X 7.2819
[INFO CTS-0034]     Segment length (rounded): 4.
[INFO CTS-0032]  Stop criterion found. Max number of sinks is 15.
[INFO CTS-0035]  Number of sinks covered: 667.
[INFO CTS-0018]     Created 687 clock buffers.
[INFO CTS-0012]     Minimum number of buffers in the clock path: 3.
[INFO CTS-0013]     Maximum number of buffers in the clock path: 4.
[INFO CTS-0015]     Created 687 clock nets.
[INFO CTS-0016]     Fanout distribution for the current clock = 2:46, 3:65, 4:56, 5:66, 6:54, 7:76, 8:68, 9:73, 10:53, 11:44, 12:25, 13:24, 14:17, 15:9, 16:1, 17:2, 18:3..
[INFO CTS-0017]     Max level of the clock tree: 6.
[INFO CTS-0098] Clock net "clk"
[INFO CTS-0099]  Sinks 4995
[INFO CTS-0100]  Leaf buffers 618
[INFO CTS-0101]  Average sink wire length 730.41 um
[INFO CTS-0102]  Path depth 3 - 4
[INFO CTS-0207]  Leaf load cells 612
[INFO RSZ-0058] Using max wire length 640um.
Placement Analysis
---------------------------------
total displacement       2658.0 u
average displacement        0.0 u
max displacement            4.2 u
original HPWL          924115.3 u
legalized HPWL         935027.4 u
delta HPWL                    1 %

repair_timing -verbose -setup_margin 0 -hold_margin 0 -repair_tns 100
[INFO RSZ-0094] Found 656 endpoints with setup violations.
[INFO RSZ-0099] Repairing 656 out of 656 (100.00%) violating endpoints...
   Iter   | Removed | Resized | Inserted | Cloned |  Pin  |   Area   |    WNS   |   TNS      |  Viol  | Worst
          | Buffers |  Gates  | Buffers  |  Gates | Swaps |          |          |            | Endpts | Endpt
--------------------------------------------------------------------------------------------------------------
        0 |       0 |       0 |        0 |      0 |     0 |    +0.0% |   -0.342 |     -114.3 |    656 | fdct_zigzag.dct_mod.dct_block_6.dct_unit_0.macu.mult_res\[18\]$_DFFE_PP_/D
       10 |       0 |       5 |        4 |      1 |     2 |    +0.0% |   -0.262 |      -90.3 |    656 | fdct_zigzag.dct_mod.dct_block_6.dct_unit_0.macu.mult_res\[18\]$_DFFE_PP_/D
       20 |       0 |      14 |        4 |      2 |     2 |    +0.0% |   -0.283 |     -108.1 |    656 | fdct_zigzag.dct_mod.dct_block_1.dct_unit_4.macu.mult_res\[18\]$_DFFE_PP_/D
       30 |       0 |      24 |        4 |      2 |     2 |    +0.1% |   -0.295 |     -116.8 |    656 | fdct_zigzag.dct_mod.dct_block_2.dct_unit_7.macu.mult_res\[18\]$_DFFE_PP_/D
       40 |       0 |      32 |        4 |      3 |     3 |    +0.1% |   -0.312 |     -125.4 |    656 | fdct_zigzag.dct_mod.dct_block_5.dct_unit_5.macu.mult_res\[18\]$_DFFE_PP_/D
       50 |       0 |      41 |        4 |      3 |     4 |    +0.1% |   -0.306 |     -125.3 |    656 | fdct_zigzag.dct_mod.dct_block_1.dct_unit_4.macu.mult_res\[18\]$_DFFE_PP_/D
       60 |       0 |      50 |        4 |      3 |     5 |    +0.1% |   -0.299 |     -121.2 |    656 | fdct_zigzag.dct_mod.dct_block_1.dct_unit_6.macu.mult_res\[18\]$_DFFE_PP_/D
       61 |       0 |       9 |        5 |      1 |     2 |    +0.0% |   -0.262 |      -90.3 |    656 | fdct_zigzag.dct_mod.dct_block_4.dct_unit_1.macu.mult_res\[17\]$_DFFE_PP_/D
       70 |       0 |      16 |        5 |      1 |     3 |    +0.0% |   -0.248 |      -82.1 |    656 | fdct_zigzag.dct_mod.dct_block_4.dct_unit_1.macu.mult_res\[17\]$_DFFE_PP_/D
       80 |       0 |      21 |        7 |      2 |     6 |    +0.1% |   -0.254 |      -85.0 |    656 | fdct_zigzag.dct_mod.dct_block_4.dct_unit_1.macu.mult_res\[17\]$_DFFE_PP_/D
       90 |       0 |      29 |        9 |      2 |     7 |    +0.1% |   -0.247 |      -80.6 |    656 | fdct_zigzag.dct_mod.dct_block_4.dct_unit_1.macu.mult_res\[17\]$_DFFE_PP_/D
      100 |       0 |      36 |        9 |      2 |    10 |    +0.1% |   -0.247 |      -80.6 |    656 | fdct_zigzag.dct_mod.dct_block_4.dct_unit_1.macu.mult_res\[17\]$_DFFE_PP_/D
      105 |       1 |      38 |        9 |      3 |    11 |    +0.1% |   -0.213 |      -61.0 |    656 | fdct_zigzag.dct_mod.dct_block_4.dct_unit_1.macu.mult_res\[17\]$_DFFE_PP_/D
      110 |       1 |      40 |        9 |      3 |    13 |    +0.1% |   -0.213 |      -61.0 |    656 | fdct_zigzag.dct_mod.dct_block_4.dct_unit_1.macu.mult_res\[17\]$_DFFE_PP_/D
      120 |       1 |      48 |        9 |      3 |    15 |    +0.1% |   -0.213 |      -61.0 |    656 | fdct_zigzag.dct_mod.dct_block_4.dct_unit_1.macu.mult_res\[17\]$_DFFE_PP_/D
      122 |       1 |      41 |        9 |      3 |    13 |    +0.1% |   -0.213 |      -61.0 |    656 | fdct_zigzag.dct_mod.dct_block_4.dct_unit_1.macu.mult_res\[17\]$_DFFE_PP_/D
      130 |       1 |      47 |        9 |      3 |    14 |    +0.1% |   -0.213 |      -61.0 |    656 | fdct_zigzag.dct_mod.dct_block_4.dct_unit_1.macu.mult_res\[17\]$_DFFE_PP_/D
      135 |       1 |      47 |        9 |      3 |    14 |    +0.1% |   -0.213 |      -61.0 |    656 | fdct_zigzag.dct_mod.dct_block_4.dct_unit_1.macu.mult_res\[17\]$_DFFE_PP_/D
      140 |       1 |      50 |        9 |      4 |    14 |    +0.1% |   -0.240 |      -74.3 |    656 | fdct_zigzag.dct_mod.dct_block_4.dct_unit_1.macu.mult_res\[17\]$_DFFE_PP_/D
      150 |       1 |      58 |       11 |      5 |    14 |    +0.1% |   -0.245 |      -75.0 |    656 | fdct_zigzag.dct_mod.dct_block_5.dct_unit_5.macu.mult_res\[18\]$_DFFE_PP_/D
