OpenROAD v2.0-19576-gec1bf1a13 
Features included (+) or not (-): +GPU +GUI +Python : None
This program is licensed under the BSD-3 license. See the LICENSE file for details.
Components of this program may be licensed under more restrictive licenses which must be honored.
[INFO ORD-0030] Using 8 thread(s).
source /OpenROAD-flow-scripts/flow/platforms/asap7/liberty_suppressions.tcl
suppress_message STA 1212
Perform port buffering...
[INFO RSZ-0027] Inserted 18 input buffers.
[INFO RSZ-0028] Inserted 26 output buffers.
Perform buffer insertion and gate resizing...
repair_design -verbose
[INFO RSZ-0058] Using max wire length 162um.
Iteration |   Area    | Resized | Buffers | Nets repaired | Remaining
---------------------------------------------------------------------
        0 |     +0.0% |       0 |       0 |             0 |     63806
     1000 |     +0.0% |       6 |       0 |             0 |     62806
     2000 |     +0.0% |      14 |       0 |             0 |     61806
     3000 |     +0.0% |      22 |       0 |             0 |     60806
     4000 |     +0.0% |      28 |       0 |             0 |     59806
     5000 |     +0.0% |      34 |       0 |             0 |     58806
     6000 |     +0.0% |      46 |       0 |             0 |     57806
     7000 |     +0.0% |      50 |       0 |             0 |     56806
     8000 |     +0.0% |      52 |       0 |             0 |     55806
     9000 |     +0.0% |      52 |       0 |             0 |     54806
    10000 |     +0.0% |      52 |       0 |             0 |     53806
    11000 |     +0.0% |      52 |       0 |             0 |     52806
    12000 |     +0.0% |      52 |       0 |             0 |     51806
    13000 |     +0.0% |      55 |       0 |             0 |     50806
    14000 |     +0.0% |      55 |       0 |             0 |     49806
    15000 |     +0.0% |      57 |       0 |             0 |     48806
    16000 |     +0.0% |      58 |       0 |             0 |     47806
    17000 |     +0.0% |      58 |       0 |             0 |     46806
    18000 |     +0.0% |      60 |       0 |             0 |     45806
    19000 |     +0.0% |      60 |       0 |             0 |     44806
    20000 |     +0.0% |      61 |       0 |             0 |     43806
    21000 |     +0.0% |      61 |       0 |             0 |     42806
    22000 |     +0.0% |      61 |       0 |             0 |     41806
    23000 |     +0.0% |      62 |       0 |             0 |     40806
    24000 |     +0.0% |      62 |       0 |             0 |     39806
    25000 |     +0.0% |      63 |       0 |             0 |     38806
    26000 |     +0.0% |      63 |       0 |             0 |     37806
    27000 |     +0.0% |      66 |       0 |             0 |     36806
    28000 |     -0.0% |      69 |       0 |             0 |     35806
    29000 |     -0.0% |      69 |       0 |             0 |     34806
    30000 |     +0.0% |      76 |       0 |             0 |     33806
    31000 |     +0.0% |      76 |       0 |             0 |     32806
    32000 |     +0.0% |      84 |       0 |             0 |     31806
    33000 |     +0.0% |      89 |       2 |             2 |     30806
    34000 |     +0.0% |      90 |       2 |             2 |     29806
    35000 |     +0.0% |      90 |       2 |             2 |     28806
    36000 |     +0.0% |      94 |       2 |             2 |     27806
    37000 |     +0.0% |     106 |       2 |             2 |     26806
    38000 |     +0.0% |     107 |       2 |             2 |     25806
    39000 |     +0.0% |     109 |       3 |             3 |     24806
    40000 |     +0.0% |     110 |       3 |             3 |     23806
    41000 |     +0.0% |     111 |       3 |             3 |     22806
    42000 |     +0.0% |     125 |       3 |             3 |     21806
    43000 |     +0.0% |     131 |       3 |             3 |     20806
    44000 |     +0.0% |     133 |       3 |             3 |     19806
    45000 |     +0.0% |     133 |       3 |             3 |     18806
    46000 |     +0.0% |     141 |       5 |             5 |     17806
    47000 |     +0.0% |     164 |       5 |             5 |     16806
    48000 |     +0.0% |     179 |       5 |             5 |     15806
    49000 |     +0.0% |     184 |       5 |             5 |     14806
    50000 |     +0.0% |     186 |       5 |             5 |     13806
    51000 |     +0.0% |     190 |       6 |             6 |     12806
    52000 |     +0.0% |     200 |       6 |             6 |     11806
    53000 |     +0.0% |     200 |       6 |             6 |     10806
    54000 |     +0.0% |     200 |       6 |             6 |      9806
    55000 |     +0.0% |     204 |       6 |             6 |      8806
    56000 |     +0.0% |     210 |       6 |             6 |      7806
    57000 |     +0.0% |     210 |       6 |             6 |      6806
    58000 |     +0.0% |     227 |       6 |             6 |      5806
    59000 |     +0.0% |     234 |       6 |             6 |      4806
    60000 |     +0.0% |     241 |       6 |             6 |      3806
    61000 |     +0.0% |     241 |       6 |             6 |      2806
    62000 |     +0.0% |     244 |       6 |             6 |      1806
    63000 |     +0.0% |     245 |       6 |             6 |       806
    final |     +0.0% |     257 |       6 |             6 |         0
---------------------------------------------------------------------
[INFO RSZ-0037] Found 6 long wires.
[INFO RSZ-0039] Resized 257 instances.
[INFO RSZ-0038] Inserted 6 buffers in 6 nets.
Took 13 seconds: repair_design -verbose
Repair tie lo fanout...
[INFO RSZ-0042] Inserted 1 tie TIELOx1_ASAP7_75t_R instances.
Repair tie hi fanout...
[INFO RSZ-0042] Inserted 65 tie TIEHIx1_ASAP7_75t_R instances.
Floating nets: 
Report metrics stage 3, resizer...

==========================================================================
resizer report_design_area
--------------------------------------------------------------------------
Design area 6706 u^2 33% utilization.
Instance count before 58182, after 58296
Pin count before 183475, after 183639
Elapsed time: 1:05.59[h:]min:sec. CPU time: user 84.10 sys 28.88 (172%). Peak memory: 753848KB.
