OpenROAD v2.0-19576-gec1bf1a13 
Features included (+) or not (-): +GPU +GUI +Python : None
This program is licensed under the BSD-3 license. See the LICENSE file for details.
Components of this program may be licensed under more restrictive licenses which must be honored.
[INFO ORD-0030] Using 8 thread(s).
./results/asap7/gcd/base
source /OpenROAD-flow-scripts/flow/platforms/asap7/liberty_suppressions.tcl
suppress_message STA 1212
[INFO ODB-0227] LEF file: /OpenROAD-flow-scripts/flow/platforms/asap7/lef/asap7_tech_1x_201209.lef, created 24 layers, 9 vias
[INFO ODB-0227] LEF file: /OpenROAD-flow-scripts/flow/platforms/asap7/lef/asap7sc7p5t_28_R_1x_220121a.lef, created 212 library cells
[INFO ODB-0127] Reading DEF file: ./results/asap7/gcd/base/1_synth.gp.def
[INFO ODB-0128] Design: gcd
[INFO ODB-0130]     Created 54 pins.
[INFO ODB-0131]     Created 419 components and 1955 component-terminals.
[INFO ODB-0132]     Created 2 special nets and 838 connections.
[INFO ODB-0133]     Created 368 nets and 1117 connections.
[INFO ODB-0134] Finished DEF file: ./results/asap7/gcd/base/1_synth.gp.def
source /OpenROAD-flow-scripts/flow/platforms/asap7/fastroute.tcl
global_placement -density 0.35 -pad_left 0 -pad_right 0 -routability_driven -timing_driven
[INFO GPL-0002] DBU: 1000
[INFO GPL-0003] SiteSize: (  0.054  0.270 ) um
[INFO GPL-0004] CoreBBox: (  1.080  1.080 ) ( 15.120 15.120 ) um
[INFO GPL-0006] NumInstances:               419
[INFO GPL-0007] NumPlaceInstances:          315
[INFO GPL-0008] NumFixedInstances:          104
[INFO GPL-0009] NumDummyInstances:            0
[INFO GPL-0010] NumNets:                    368
[INFO GPL-0011] NumPins:                   1171
[INFO GPL-0012] DieBBox:  (  0.000  0.000 ) ( 16.200 16.200 ) um
[INFO GPL-0013] CoreBBox: (  1.080  1.080 ) ( 15.120 15.120 ) um
[INFO GPL-0016] CoreArea:               197.122 um^2
[INFO GPL-0017] NonPlaceInstsArea:        3.033 um^2
[INFO GPL-0018] PlaceInstsArea:          37.718 um^2
[INFO GPL-0019] Util:                    19.434 %
[INFO GPL-0020] StdInstsArea:            37.718 um^2
[INFO GPL-0021] MacroInstsArea:           0.000 um^2
[InitialPlace]  Iter: 1 CG residual: 0.00000006 HPWL: 1132950
[InitialPlace]  Iter: 2 CG residual: 0.00000010 HPWL: 919711
[InitialPlace]  Iter: 3 CG residual: 0.00000011 HPWL: 925886
[InitialPlace]  Iter: 4 CG residual: 0.00000010 HPWL: 938830
[InitialPlace]  Iter: 5 CG residual: 0.00000010 HPWL: 932626
[INFO GPL-0031] FillerInit:NumGCells:       580
[INFO GPL-0032] FillerInit:NumGNets:        368
[INFO GPL-0033] FillerInit:NumGPins:       1171
[INFO GPL-0023] TargetDensity:            0.350
[INFO GPL-0024] AvrgPlaceInstArea:        0.120 um^2
[INFO GPL-0025] IdealBinArea:             0.342 um^2
[INFO GPL-0026] IdealBinCnt:                576
[INFO GPL-0027] TotalBinArea:           197.122 um^2
[INFO GPL-0028] BinCnt:        16     16
[INFO GPL-0029] BinSize: (  0.878  0.878 )
[INFO GPL-0030] NumBins: 256
[NesterovSolve] Iter:    1 overflow: 0.717 HPWL: 793670
[INFO GPL-0100] Timing-driven iteration 1/5, virtual: true.
[INFO GPL-0101]    Iter: 1, overflow: 0.717, keep rsz at: 0.3, HPWL: 793670
Iteration |   Area    | Resized | Buffers | Nets repaired | Remaining
---------------------------------------------------------------------
        0 |     +0.0% |       0 |       0 |             0 |       368
    final |     +4.3% |      64 |       0 |             0 |         0
---------------------------------------------------------------------
[INFO RSZ-0039] Resized 64 instances.
[INFO GPL-0106] Timing-driven: worst slack -3.6e-11
[INFO GPL-0103] Timing-driven: weighted 36 nets.
[INFO GPL-0100] Timing-driven iteration 2/5, virtual: true.
[INFO GPL-0101]    Iter: 6, overflow: 0.625, keep rsz at: 0.3, HPWL: 809162
Iteration |   Area    | Resized | Buffers | Nets repaired | Remaining
---------------------------------------------------------------------
        0 |     +0.0% |       0 |       0 |             0 |       368
    final |     +4.3% |      63 |       0 |             0 |         0
---------------------------------------------------------------------
[INFO RSZ-0039] Resized 63 instances.
[INFO GPL-0106] Timing-driven: worst slack -3.65e-11
[INFO GPL-0103] Timing-driven: weighted 35 nets.
[NesterovSolve] Iter:   10 overflow: 0.596 HPWL: 813288
[INFO GPL-0088] Routability snapshot saved at iter = 9
[NesterovSolve] Iter:   20 overflow: 0.566 HPWL: 813719
[NesterovSolve] Iter:   30 overflow: 0.575 HPWL: 811932
[NesterovSolve] Iter:   40 overflow: 0.574 HPWL: 812469
[NesterovSolve] Iter:   50 overflow: 0.573 HPWL: 812473
[NesterovSolve] Iter:   60 overflow: 0.573 HPWL: 812341
[NesterovSolve] Iter:   70 overflow: 0.573 HPWL: 812476
[NesterovSolve] Iter:   80 overflow: 0.573 HPWL: 812528
[NesterovSolve] Iter:   90 overflow: 0.572 HPWL: 812696
[NesterovSolve] Iter:  100 overflow: 0.571 HPWL: 813034
[NesterovSolve] Iter:  110 overflow: 0.569 HPWL: 813523
[NesterovSolve] Iter:  120 overflow: 0.567 HPWL: 814209
[NesterovSolve] Iter:  130 overflow: 0.563 HPWL: 814928
[NesterovSolve] Iter:  140 overflow: 0.557 HPWL: 815382
[NesterovSolve] Iter:  150 overflow: 0.547 HPWL: 815845
[NesterovSolve] Iter:  160 overflow: 0.536 HPWL: 817187
[NesterovSolve] Iter:  170 overflow: 0.524 HPWL: 821101
[NesterovSolve] Iter:  180 overflow: 0.507 HPWL: 825247
[NesterovSolve] Iter:  190 overflow: 0.479 HPWL: 827080
[NesterovSolve] Iter:  200 overflow: 0.446 HPWL: 828578
[NesterovSolve] Iter:  210 overflow: 0.414 HPWL: 832483
[NesterovSolve] Iter:  220 overflow: 0.367 HPWL: 833291
[NesterovSolve] Iter:  230 overflow: 0.320 HPWL: 834685
[INFO GPL-0075] Routability iteration: 1
[INFO GPL-0036] TileBBox: (    0    0 ) (  540  540 ) DBU
[INFO GPL-0038] TileCnt:      30   30
[INFO GPL-0040] NumTiles: 900
[INFO GPL-0081] TotalRouteOverflow: 0.0000
[INFO GPL-0082] OverflowTileCnt: 0
[INFO GPL-0083] 0.5%RC: 0.6376
[INFO GPL-0084] 1.0%RC: 0.6147
[INFO GPL-0085] 2.0%RC: 0.5907
[INFO GPL-0086] 5.0%RC: 0.5584
[INFO GPL-0087] FinalRC: 0.62617314
[INFO GPL-0077] FinalRC lower than targetRC(1.0100), routability not needed.
[NesterovSolve] Iter:  240 overflow: 0.282 HPWL: 838481
[INFO GPL-0100] Timing-driven iteration 3/5, virtual: false.
[INFO GPL-0101]    Iter: 240, overflow: 0.282, keep rsz at: 0.3, HPWL: 838481
Iteration |   Area    | Resized | Buffers | Nets repaired | Remaining
---------------------------------------------------------------------
        0 |     +0.0% |       0 |       0 |             0 |       368
    final |     +4.4% |      63 |       0 |             0 |         0
---------------------------------------------------------------------
[INFO RSZ-0039] Resized 63 instances.
[INFO GPL-0106] Timing-driven: worst slack -3.45e-11
[INFO GPL-0103] Timing-driven: weighted 36 nets.
[INFO GPL-0107] Timing-driven: repair_design delta area: 1.662 um^2 (+4.41%)
[INFO GPL-0108] Timing-driven: repair_design, gpl cells created: 0 (+0.00%)
[INFO GPL-0109] Timing-driven: inserted buffers as reported by repair_design: 0
[INFO GPL-0110] Timing-driven: new target density: 0.3585637
[NesterovSolve] Iter:  250 overflow: 0.311 HPWL: 605257
[NesterovSolve] Iter:  260 overflow: 0.258 HPWL: 605311
[NesterovSolve] Iter:  270 overflow: 0.220 HPWL: 607119
[INFO GPL-0100] Timing-driven iteration 4/5, virtual: false.
[INFO GPL-0101]    Iter: 274, overflow: 0.203, keep rsz at: 0.3, HPWL: 610012
Iteration |   Area    | Resized | Buffers | Nets repaired | Remaining
---------------------------------------------------------------------
        0 |     +0.0% |       0 |       0 |             0 |       368
    final |     -0.1% |       1 |       0 |             0 |         0
---------------------------------------------------------------------
[INFO RSZ-0039] Resized 1 instances.
[INFO GPL-0106] Timing-driven: worst slack -3.48e-11
[INFO GPL-0103] Timing-driven: weighted 35 nets.
[INFO GPL-0107] Timing-driven: repair_design delta area: -0.029 um^2 (-0.07%)
[INFO GPL-0108] Timing-driven: repair_design, gpl cells created: 0 (+0.00%)
[INFO GPL-0109] Timing-driven: inserted buffers as reported by repair_design: 0
[INFO GPL-0110] Timing-driven: new target density: 0.35841346
[NesterovSolve] Iter:  280 overflow: 0.179 HPWL: 614500
[NesterovSolve] Iter:  290 overflow: 0.156 HPWL: 619109
[INFO GPL-0100] Timing-driven iteration 5/5, virtual: false.
[INFO GPL-0101]    Iter: 293, overflow: 0.142, keep rsz at: 0.3, HPWL: 621498
Iteration |   Area    | Resized | Buffers | Nets repaired | Remaining
---------------------------------------------------------------------
        0 |     +0.0% |       0 |       0 |             0 |       368
    final |     +0.1% |       2 |       0 |             0 |         0
---------------------------------------------------------------------
[INFO RSZ-0039] Resized 2 instances.
[INFO GPL-0106] Timing-driven: worst slack -3.53e-11
[INFO GPL-0103] Timing-driven: weighted 36 nets.
[INFO GPL-0107] Timing-driven: repair_design delta area: 0.058 um^2 (+0.15%)
[INFO GPL-0108] Timing-driven: repair_design, gpl cells created: 0 (+0.00%)
[INFO GPL-0109] Timing-driven: inserted buffers as reported by repair_design: 0
[INFO GPL-0110] Timing-driven: new target density: 0.35871395
[NesterovSolve] Iter:  300 overflow: 0.124 HPWL: 625005
[NesterovSolve] Iter:  310 overflow: 0.100 HPWL: 630002
[NesterovSolve] Finished with Overflow: 0.097714
Report metrics stage 3, global place...

==========================================================================
global place report_design_area
--------------------------------------------------------------------------
Design area 39 u^2 20% utilization.
Elapsed time: 0:03.35[h:]min:sec. CPU time: user 6.68 sys 1.33 (239%). Peak memory: 575876KB.
