OpenROAD v2.0-19576-gec1bf1a13 
Features included (+) or not (-): +GPU +GUI +Python : None
This program is licensed under the BSD-3 license. See the LICENSE file for details.
Components of this program may be licensed under more restrictive licenses which must be honored.
[INFO ORD-0030] Using 8 thread(s).
./results/nangate45/gcd/base
[INFO ODB-0227] LEF file: /OpenROAD-flow-scripts/flow/platforms/nangate45/lef/NangateOpenCellLibrary.tech.lef, created 22 layers, 27 vias
[INFO ODB-0227] LEF file: /OpenROAD-flow-scripts/flow/platforms/nangate45/lef/NangateOpenCellLibrary.macro.mod.lef, created 135 library cells
[INFO ODB-0127] Reading DEF file: ./results/nangate45/gcd/base/1_synth.gp.def
[INFO ODB-0128] Design: gcd
[INFO ODB-0130]     Created 54 pins.
[INFO ODB-0131]     Created 551 components and 2674 component-terminals.
[INFO ODB-0132]     Created 2 special nets and 1102 connections.
[INFO ODB-0133]     Created 574 nets and 1572 connections.
[INFO ODB-0134] Finished DEF file: ./results/nangate45/gcd/base/1_synth.gp.def
source /OpenROAD-flow-scripts/flow/platforms/nangate45/fastroute.tcl
[INFO GPL-0002] DBU: 2000
[INFO GPL-0003] SiteSize: (  0.190  1.400 ) um
[INFO GPL-0004] CoreBBox: (  1.140  1.400 ) ( 35.340 35.000 ) um
[INFO GPL-0006] NumInstances:               551
[INFO GPL-0007] NumPlaceInstances:          503
[INFO GPL-0008] NumFixedInstances:           48
[INFO GPL-0009] NumDummyInstances:            0
[INFO GPL-0010] NumNets:                    574
[INFO GPL-0011] NumPins:                   1626
[INFO GPL-0012] DieBBox:  (  0.000  0.000 ) ( 36.380 36.380 ) um
[INFO GPL-0013] CoreBBox: (  1.140  1.400 ) ( 35.340 35.000 ) um
[INFO GPL-0016] CoreArea:              1149.120 um^2
[INFO GPL-0017] NonPlaceInstsArea:       12.768 um^2
[INFO GPL-0018] PlaceInstsArea:         650.104 um^2
[INFO GPL-0019] Util:                    57.210 %
[INFO GPL-0020] StdInstsArea:           650.104 um^2
[INFO GPL-0021] MacroInstsArea:           0.000 um^2
[INFO GPL-0031] FillerInit:NumGCells:       926
[INFO GPL-0032] FillerInit:NumGNets:        574
[INFO GPL-0033] FillerInit:NumGPins:       1626
[INFO GPL-0023] TargetDensity:            1.000
[INFO GPL-0024] AvrgPlaceInstArea:        1.292 um^2
[INFO GPL-0025] IdealBinArea:             1.292 um^2
[INFO GPL-0026] IdealBinCnt:                889
[INFO GPL-0027] TotalBinArea:          1149.120 um^2
[INFO GPL-0028] BinCnt:        16     16
[INFO GPL-0029] BinSize: (  2.138  2.100 )
[INFO GPL-0030] NumBins: 256
Placement density is 0.6676778888702393, computed from PLACE_DENSITY_LB_ADDON 0.20 and lower bound 0.5720973610877991
global_placement -density 0.6676778888702393 -pad_left 0 -pad_right 0 -routability_driven -timing_driven
[INFO GPL-0002] DBU: 2000
[INFO GPL-0003] SiteSize: (  0.190  1.400 ) um
[INFO GPL-0004] CoreBBox: (  1.140  1.400 ) ( 35.340 35.000 ) um
[INFO GPL-0006] NumInstances:               551
[INFO GPL-0007] NumPlaceInstances:          503
[INFO GPL-0008] NumFixedInstances:           48
[INFO GPL-0009] NumDummyInstances:            0
[INFO GPL-0010] NumNets:                    574
[INFO GPL-0011] NumPins:                   1626
[INFO GPL-0012] DieBBox:  (  0.000  0.000 ) ( 36.380 36.380 ) um
[INFO GPL-0013] CoreBBox: (  1.140  1.400 ) ( 35.340 35.000 ) um
[INFO GPL-0016] CoreArea:              1149.120 um^2
[INFO GPL-0017] NonPlaceInstsArea:       12.768 um^2
[INFO GPL-0018] PlaceInstsArea:         650.104 um^2
[INFO GPL-0019] Util:                    57.210 %
[INFO GPL-0020] StdInstsArea:           650.104 um^2
[INFO GPL-0021] MacroInstsArea:           0.000 um^2
[InitialPlace]  Iter: 1 CG residual: 0.00000008 HPWL: 14334565
[InitialPlace]  Iter: 2 CG residual: 0.00000012 HPWL: 5763992
[InitialPlace]  Iter: 3 CG residual: 0.00000011 HPWL: 5784874
[InitialPlace]  Iter: 4 CG residual: 0.00000010 HPWL: 5792309
[InitialPlace]  Iter: 5 CG residual: 0.00000006 HPWL: 5800576
[INFO GPL-0031] FillerInit:NumGCells:       597
[INFO GPL-0032] FillerInit:NumGNets:        574
[INFO GPL-0033] FillerInit:NumGPins:       1626
[INFO GPL-0023] TargetDensity:            0.668
[INFO GPL-0024] AvrgPlaceInstArea:        1.292 um^2
[INFO GPL-0025] IdealBinArea:             1.936 um^2
[INFO GPL-0026] IdealBinCnt:                593
[INFO GPL-0027] TotalBinArea:          1149.120 um^2
[INFO GPL-0028] BinCnt:        16     16
[INFO GPL-0029] BinSize: (  2.138  2.100 )
[INFO GPL-0030] NumBins: 256
[NesterovSolve] Iter:    1 overflow: 0.873 HPWL: 3726396
[INFO GPL-0100] Timing-driven iteration 1/5, virtual: true.
[INFO GPL-0101]    Iter: 5, overflow: 0.775, keep rsz at: 0.3, HPWL: 4218073
Iteration |   Area    | Resized | Buffers | Nets repaired | Remaining
---------------------------------------------------------------------
        0 |     +0.0% |       0 |       0 |             0 |       574
    final |     -8.5% |     105 |       0 |             0 |         0
---------------------------------------------------------------------
[INFO RSZ-0039] Resized 105 instances.
[INFO GPL-0106] Timing-driven: worst slack -4.2e-12
[INFO GPL-0103] Timing-driven: weighted 57 nets.
[NesterovSolve] Iter:   10 overflow: 0.712 HPWL: 4297371
[NesterovSolve] Iter:   20 overflow: 0.683 HPWL: 4353432
[NesterovSolve] Iter:   30 overflow: 0.689 HPWL: 4330551
[NesterovSolve] Iter:   40 overflow: 0.690 HPWL: 4326561
[NesterovSolve] Iter:   50 overflow: 0.687 HPWL: 4335206
[NesterovSolve] Iter:   60 overflow: 0.688 HPWL: 4331592
[NesterovSolve] Iter:   70 overflow: 0.689 HPWL: 4328922
[NesterovSolve] Iter:   80 overflow: 0.688 HPWL: 4330745
[NesterovSolve] Iter:   90 overflow: 0.688 HPWL: 4332058
[NesterovSolve] Iter:  100 overflow: 0.688 HPWL: 4332815
[NesterovSolve] Iter:  110 overflow: 0.687 HPWL: 4334408
[NesterovSolve] Iter:  120 overflow: 0.686 HPWL: 4336843
[NesterovSolve] Iter:  130 overflow: 0.684 HPWL: 4341052
[NesterovSolve] Iter:  140 overflow: 0.681 HPWL: 4348420
[NesterovSolve] Iter:  150 overflow: 0.677 HPWL: 4359711
[NesterovSolve] Iter:  160 overflow: 0.670 HPWL: 4375013
[NesterovSolve] Iter:  170 overflow: 0.662 HPWL: 4397874
[NesterovSolve] Iter:  180 overflow: 0.650 HPWL: 4430839
[NesterovSolve] Iter:  190 overflow: 0.636 HPWL: 4479478
[INFO GPL-0100] Timing-driven iteration 2/5, virtual: true.
[INFO GPL-0101]    Iter: 191, overflow: 0.634, keep rsz at: 0.3, HPWL: 4486414
Iteration |   Area    | Resized | Buffers | Nets repaired | Remaining
---------------------------------------------------------------------
        0 |     +0.0% |       0 |       0 |             0 |       574
    final |     -8.1% |     108 |       0 |             0 |         0
---------------------------------------------------------------------
[INFO RSZ-0039] Resized 108 instances.
[INFO GPL-0106] Timing-driven: worst slack -5.66e-12
[INFO GPL-0103] Timing-driven: weighted 57 nets.
[NesterovSolve] Iter:  200 overflow: 0.617 HPWL: 4544139
[INFO GPL-0088] Routability snapshot saved at iter = 205
[NesterovSolve] Iter:  210 overflow: 0.589 HPWL: 4615714
[NesterovSolve] Iter:  220 overflow: 0.558 HPWL: 4694713
[NesterovSolve] Iter:  230 overflow: 0.521 HPWL: 4781557
[NesterovSolve] Iter:  240 overflow: 0.483 HPWL: 4858954
[NesterovSolve] Iter:  250 overflow: 0.443 HPWL: 4929935
[NesterovSolve] Iter:  260 overflow: 0.396 HPWL: 4978108
[NesterovSolve] Iter:  270 overflow: 0.345 HPWL: 5001426
[NesterovSolve] Iter:  280 overflow: 0.303 HPWL: 5012067
[INFO GPL-0075] Routability iteration: 1
[INFO GPL-0036] TileBBox: (    0    0 ) ( 4200 4200 ) DBU
[INFO GPL-0038] TileCnt:      17   17
[INFO GPL-0040] NumTiles: 289
[INFO GPL-0081] TotalRouteOverflow: 0.0000
[INFO GPL-0082] OverflowTileCnt: 0
[INFO GPL-0083] 0.5%RC: 0.7748
[INFO GPL-0084] 1.0%RC: 0.7622
[INFO GPL-0085] 2.0%RC: 0.7440
[INFO GPL-0086] 5.0%RC: 0.7028
[INFO GPL-0087] FinalRC: 0.7685149
[INFO GPL-0077] FinalRC lower than targetRC(1.0100), routability not needed.
[INFO GPL-0100] Timing-driven iteration 3/5, virtual: false.
[INFO GPL-0101]    Iter: 286, overflow: 0.284, keep rsz at: 0.3, HPWL: 5028619
Iteration |   Area    | Resized | Buffers | Nets repaired | Remaining
---------------------------------------------------------------------
        0 |     +0.0% |       0 |       0 |             0 |       574
    final |     -7.2% |     108 |       0 |             0 |         0
---------------------------------------------------------------------
[INFO RSZ-0039] Resized 108 instances.
[INFO GPL-0106] Timing-driven: worst slack -1.6e-11
[INFO GPL-0103] Timing-driven: weighted 56 nets.
[INFO GPL-0107] Timing-driven: repair_design delta area: -46.550 um^2 (-7.16%)
[INFO GPL-0108] Timing-driven: repair_design, gpl cells created: 0 (+0.00%)
[INFO GPL-0109] Timing-driven: inserted buffers as reported by repair_design: 0
[INFO GPL-0110] Timing-driven: new target density: 0.62671345
[NesterovSolve] Iter:  290 overflow: 0.310 HPWL: 4057803
[NesterovSolve] Iter:  300 overflow: 0.262 HPWL: 4206763
[NesterovSolve] Iter:  310 overflow: 0.230 HPWL: 4152646
[INFO GPL-0100] Timing-driven iteration 4/5, virtual: false.
[INFO GPL-0101]    Iter: 315, overflow: 0.203, keep rsz at: 0.3, HPWL: 4220810
Iteration |   Area    | Resized | Buffers | Nets repaired | Remaining
---------------------------------------------------------------------
        0 |     +0.0% |       0 |       0 |             0 |       574
    final |     -0.2% |       1 |       0 |             0 |         0
---------------------------------------------------------------------
[INFO RSZ-0039] Resized 1 instances.
[INFO GPL-0106] Timing-driven: worst slack -1.57e-11
[INFO GPL-0103] Timing-driven: weighted 55 nets.
[INFO GPL-0107] Timing-driven: repair_design delta area: -1.064 um^2 (-0.18%)
[INFO GPL-0108] Timing-driven: repair_design, gpl cells created: 0 (+0.00%)
[INFO GPL-0109] Timing-driven: inserted buffers as reported by repair_design: 0
[INFO GPL-0110] Timing-driven: new target density: 0.6257771
[NesterovSolve] Iter:  320 overflow: 0.193 HPWL: 4227643
[NesterovSolve] Iter:  330 overflow: 0.165 HPWL: 4265018
[INFO GPL-0100] Timing-driven iteration 5/5, virtual: false.
[INFO GPL-0101]    Iter: 337, overflow: 0.145, keep rsz at: 0.3, HPWL: 4290259
Iteration |   Area    | Resized | Buffers | Nets repaired | Remaining
---------------------------------------------------------------------
        0 |     +0.0% |       0 |       0 |             0 |       574
    final |     +0.0% |       1 |       0 |             0 |         0
---------------------------------------------------------------------
[INFO RSZ-0039] Resized 1 instances.
[INFO GPL-0106] Timing-driven: worst slack -1.54e-11
[INFO GPL-0103] Timing-driven: weighted 57 nets.
[INFO GPL-0107] Timing-driven: repair_design delta area: 0.266 um^2 (+0.04%)
[INFO GPL-0108] Timing-driven: repair_design, gpl cells created: 0 (+0.00%)
[INFO GPL-0109] Timing-driven: inserted buffers as reported by repair_design: 0
[INFO GPL-0110] Timing-driven: new target density: 0.6260112
[NesterovSolve] Iter:  340 overflow: 0.136 HPWL: 4305759
[NesterovSolve] Iter:  350 overflow: 0.114 HPWL: 4339731
[NesterovSolve] Iter:  360 overflow: 0.106 HPWL: 4365094
[NesterovSolve] Finished with Overflow: 0.098147
Report metrics stage 3, global place...

==========================================================================
global place report_design_area
--------------------------------------------------------------------------
Design area 603 u^2 52% utilization.
Elapsed time: 0:01.99[h:]min:sec. CPU time: user 3.33 sys 1.27 (230%). Peak memory: 346588KB.
