OpenROAD v2.0-19576-gec1bf1a13 
Features included (+) or not (-): +GPU +GUI +Python : None
This program is licensed under the BSD-3 license. See the LICENSE file for details.
Components of this program may be licensed under more restrictive licenses which must be honored.
[INFO ORD-0030] Using 8 thread(s).
Perform port buffering...
[INFO RSZ-0027] Inserted 18 input buffers.
[INFO RSZ-0028] Inserted 26 output buffers.
Perform buffer insertion and gate resizing...
repair_design -verbose
[INFO RSZ-0058] Using max wire length 640um.
Iteration |   Area    | Resized | Buffers | Nets repaired | Remaining
---------------------------------------------------------------------
        0 |     +0.0% |       0 |       0 |             0 |     73178
     1000 |     -0.0% |      12 |       0 |             0 |     72178
     2000 |     -0.0% |      31 |       0 |             0 |     71178
     3000 |     -0.0% |      39 |       0 |             0 |     70178
     4000 |     -0.0% |      41 |       0 |             0 |     69178
     5000 |     -0.0% |      44 |       0 |             0 |     68178
     6000 |     -0.0% |      45 |       0 |             0 |     67178
     7000 |     -0.0% |      49 |       0 |             0 |     66178
     8000 |     -0.0% |      54 |       0 |             0 |     65178
     9000 |     -0.0% |      61 |       0 |             0 |     64178
    10000 |     -0.0% |      61 |       0 |             0 |     63178
    11000 |     -0.0% |      64 |       0 |             0 |     62178
    12000 |     -0.0% |      64 |       0 |             0 |     61178
    13000 |     -0.0% |      67 |       0 |             0 |     60178
    14000 |     -0.0% |      67 |       0 |             0 |     59178
    15000 |     -0.0% |      72 |       0 |             0 |     58178
    16000 |     -0.0% |      72 |       0 |             0 |     57178
    17000 |     -0.0% |      73 |       0 |             0 |     56178
    18000 |     -0.0% |      78 |       0 |             0 |     55178
    19000 |     -0.0% |      79 |       0 |             0 |     54178
    20000 |     -0.0% |      82 |       0 |             0 |     53178
    21000 |     -0.0% |      87 |       0 |             0 |     52178
    22000 |     -0.0% |      87 |       0 |             0 |     51178
    23000 |     -0.0% |      88 |       0 |             0 |     50178
    24000 |     -0.0% |      90 |       0 |             0 |     49178
    25000 |     -0.0% |      90 |       0 |             0 |     48178
    26000 |     -0.0% |      90 |       0 |             0 |     47178
    27000 |     -0.0% |      91 |       0 |             0 |     46178
    28000 |     -0.0% |      96 |       0 |             0 |     45178
    29000 |     -0.0% |      98 |       0 |             0 |     44178
    30000 |     -0.0% |      98 |       0 |             0 |     43178
    31000 |     -0.0% |      98 |       0 |             0 |     42178
    32000 |     -0.0% |     101 |       0 |             0 |     41178
    33000 |     -0.0% |     101 |       0 |             0 |     40178
    34000 |     -0.0% |     104 |       0 |             0 |     39178
    35000 |     -0.0% |     104 |       0 |             0 |     38178
    36000 |     -0.0% |     104 |       0 |             0 |     37178
    37000 |     -0.0% |     107 |       0 |             0 |     36178
    38000 |     -0.0% |     108 |       0 |             0 |     35178
    39000 |     -0.0% |     110 |       0 |             0 |     34178
    40000 |     -0.0% |     112 |       0 |             0 |     33178
    41000 |     +0.0% |     118 |       0 |             0 |     32178
    42000 |     +0.0% |     126 |       0 |             0 |     31178
    43000 |     +0.0% |     126 |       0 |             0 |     30178
    44000 |     +0.0% |     127 |       0 |             0 |     29178
    45000 |     +0.0% |     129 |       0 |             0 |     28178
    46000 |     +0.0% |     130 |       0 |             0 |     27178
    47000 |     +0.0% |     130 |       0 |             0 |     26178
    48000 |     +0.0% |     137 |       0 |             0 |     25178
    49000 |     +0.0% |     141 |       0 |             0 |     24178
    50000 |     +0.0% |     146 |       0 |             0 |     23178
    51000 |     +0.0% |     153 |       1 |             1 |     22178
    52000 |     +0.0% |     155 |       1 |             1 |     21178
    53000 |     +0.0% |     160 |       1 |             1 |     20178
    54000 |     +0.0% |     164 |       1 |             1 |     19178
    55000 |     +0.0% |     167 |       1 |             1 |     18178
    56000 |     +0.1% |     188 |       1 |             1 |     17178
    57000 |     +0.1% |     199 |       1 |             1 |     16178
    58000 |     +0.1% |     205 |       1 |             1 |     15178
    59000 |     +0.1% |     209 |       1 |             1 |     14178
    60000 |     +0.2% |     222 |       1 |             1 |     13178
    61000 |     +0.2% |     222 |       1 |             1 |     12178
    62000 |     +0.2% |     222 |       1 |             1 |     11178
    63000 |     +0.2% |     222 |       1 |             1 |     10178
    64000 |     +0.2% |     223 |       1 |             1 |      9178
    65000 |     +0.2% |     237 |       1 |             1 |      8178
    66000 |     +0.2% |     241 |       1 |             1 |      7178
    67000 |     +0.2% |     241 |       1 |             1 |      6178
    68000 |     +0.2% |     242 |       1 |             1 |      5178
    69000 |     +0.2% |     243 |       1 |             1 |      4178
    70000 |     +0.2% |     243 |       1 |             1 |      3178
    71000 |     +0.2% |     243 |       1 |             1 |      2178
    72000 |     +0.2% |     243 |       1 |             1 |      1178
    73000 |     +0.2% |     243 |       1 |             1 |       178
    final |     +0.2% |     254 |       1 |             1 |         0
---------------------------------------------------------------------
[INFO RSZ-0037] Found 1 long wires.
[INFO RSZ-0039] Resized 254 instances.
[INFO RSZ-0038] Inserted 1 buffers in 1 nets.
Took 11 seconds: repair_design -verbose
Repair tie lo fanout...
[INFO RSZ-0042] Inserted 1 tie LOGIC0_X1 instances.
Repair tie hi fanout...
Floating nets: 
Report metrics stage 3, resizer...

==========================================================================
resizer report_design_area
--------------------------------------------------------------------------
Design area 95659 u^2 48% utilization.
Instance count before 61893, after 61938
Pin count before 197493, after 197583
Elapsed time: 1:05.27[h:]min:sec. CPU time: user 88.07 sys 36.66 (191%). Peak memory: 538580KB.
