OpenROAD v2.0-19576-gec1bf1a13 
Features included (+) or not (-): +GPU +GUI +Python : None
This program is licensed under the BSD-3 license. See the LICENSE file for details.
Components of this program may be licensed under more restrictive licenses which must be honored.
[INFO ORD-0030] Using 8 thread(s).
source /OpenROAD-flow-scripts/flow/platforms/asap7/liberty_suppressions.tcl
suppress_message STA 1212
Placement Analysis
---------------------------------
total displacement       4648.1 u
average displacement        0.2 u
max displacement            2.0 u
original HPWL           88217.8 u
legalized HPWL          92040.9 u
delta HPWL                    4 %

[INFO DPL-0020] Mirrored 8675 instances
[INFO DPL-0021] HPWL before           92040.9 u
[INFO DPL-0022] HPWL after            90403.5 u
[INFO DPL-0023] HPWL delta               -1.8 %
[INFO FLW-0012] Placement violations .
Report metrics stage 3, detailed place...

==========================================================================
detailed place report_design_area
--------------------------------------------------------------------------
Design area 2541 u^2 45% utilization.
Elapsed time: 0:25.61[h:]min:sec. CPU time: user 29.11 sys 7.18 (141%). Peak memory: 376952KB.
