OpenROAD v2.0-19576-gec1bf1a13 
Features included (+) or not (-): +GPU +GUI +Python : None
This program is licensed under the BSD-3 license. See the LICENSE file for details.
Components of this program may be licensed under more restrictive licenses which must be honored.
[INFO ORD-0030] Using 8 thread(s).
source /OpenROAD-flow-scripts/flow/platforms/asap7/liberty_suppressions.tcl
suppress_message STA 1212
clock_tree_synthesis -sink_clustering_enable -balance_levels -sink_clustering_size 50 -sink_clustering_max_diameter 20
[INFO CTS-0050] Root buffer is BUFx16f_ASAP7_75t_R.
[INFO CTS-0051] Sink buffer is BUFx24_ASAP7_75t_R.
[INFO CTS-0052] The following clock buffers will be used for CTS:
                    BUFx16f_ASAP7_75t_R
                    BUFx24_ASAP7_75t_R
[INFO CTS-0049] Characterization buffer is BUFx24_ASAP7_75t_R.
[INFO CTS-0007] Net "clk" found for clock "clk".
[INFO CTS-0010]  Clock net "clk" has 562 sinks.
[INFO CTS-0008] TritonCTS found 1 clock nets.
[INFO CTS-0097] Characterization used 2 buffer(s) types.
[INFO CTS-0200] 0 placement blockages have been identified.
[INFO CTS-0201] 0 placed hard macros will be treated like blockages.
[INFO CTS-0027] Generating H-Tree topology for net clk.
[INFO CTS-0028]  Total number of sinks: 562.
[INFO CTS-0029]  Sinks will be clustered in groups of up to 50 and with maximum cluster diameter of 20.0 um.
[INFO CTS-0030]  Number of static layers: 0.
[INFO CTS-0020]  Wire segment unit: 1350  dbu (1 um).
[INFO CTS-0204] A clustering solution was found from clustering size of 50 and clustering diameter of 20.
[INFO CTS-0205] Better solution may be possible if either -sink_clustering_size, -sink_clustering_max_diameter, or both options are omitted to enable automatic clustering.
[INFO CTS-0019]  Total number of sinks after clustering: 22.
[INFO CTS-0024]  Normalized sink region: [(3.00519, 5.84286), (39.6384, 47.3222)].
[INFO CTS-0025]     Width:  36.6332.
[INFO CTS-0026]     Height: 41.4794.
 Level 1
    Direction: Vertical
    Sinks per sub-region: 11
    Sub-region size: 36.6332 X 20.7397
[INFO CTS-0034]     Segment length (rounded): 10.
[INFO CTS-0032]  Stop criterion found. Max number of sinks is 15.
[INFO CTS-0035]  Number of sinks covered: 22.
[INFO CTS-0018]     Created 25 clock buffers.
[INFO CTS-0012]     Minimum number of buffers in the clock path: 3.
[INFO CTS-0013]     Maximum number of buffers in the clock path: 3.
[INFO CTS-0015]     Created 25 clock nets.
[INFO CTS-0016]     Fanout distribution for the current clock = 3:1, 5:1, 8:1, 10:1, 11:1, 12:2, 14:1, 15:1, 16:1, 17:1, 18:2, 21:1, 24:1, 26:1, 31:1, 33:1, 45:2, 50:4..
[INFO CTS-0017]     Max level of the clock tree: 1.
[INFO CTS-0098] Clock net "clk"
[INFO CTS-0099]  Sinks 583
[INFO CTS-0100]  Leaf buffers 22
[INFO CTS-0101]  Average sink wire length 76.23 um
[INFO CTS-0102]  Path depth 2 - 3
[INFO CTS-0207]  Leaf load cells 21
[INFO RSZ-0058] Using max wire length 162um.
Placement Analysis
---------------------------------
total displacement        168.0 u
average displacement        0.0 u
max displacement            1.9 u
original HPWL           60889.3 u
legalized HPWL          61691.0 u
delta HPWL                    1 %

repair_timing -verbose -setup_margin 0 -hold_margin 0 -repair_tns 100
[INFO RSZ-0094] Found 160 endpoints with setup violations.
[INFO RSZ-0099] Repairing 160 out of 160 (100.00%) violating endpoints...
   Iter   | Removed | Resized | Inserted | Cloned |  Pin  |   Area   |    WNS   |   TNS      |  Viol  | Worst
          | Buffers |  Gates  | Buffers  |  Gates | Swaps |          |          |            | Endpts | Endpt
--------------------------------------------------------------------------------------------------------------
        0 |       0 |       0 |        0 |      0 |     0 |    +0.0% | -115.806 |   -10331.6 |    160 | sa03_sr\[3\]$_DFF_P_/D
       10 |       0 |       0 |       16 |      0 |     4 |    +0.0% |  -87.225 |    -9582.7 |    160 | sa00_sr\[3\]$_DFF_P_/D
       20 |       0 |       0 |       38 |      0 |     8 |    +0.1% |  -76.320 |    -8582.8 |    160 | sa03_sr\[3\]$_DFF_P_/D
       30 |       0 |       0 |       53 |      0 |    12 |    +0.1% |  -71.847 |    -7896.4 |    160 | sa00_sr\[3\]$_DFF_P_/D
       40 |       0 |       0 |       74 |      0 |    16 |    +0.2% |  -66.602 |    -6996.8 |    160 | sa01_sr\[7\]$_DFF_P_/D
       50 |       0 |       0 |       98 |      0 |    19 |    +0.3% |  -61.586 |    -6130.6 |    160 | sa22_sr\[6\]$_DFF_P_/D
       60 |       0 |       0 |      116 |      0 |    22 |    +0.3% |  -53.929 |    -5717.7 |    160 | sa10_sr\[1\]$_DFF_P_/D
