OpenROAD v2.0-19576-gec1bf1a13 
Features included (+) or not (-): +GPU +GUI +Python : None
This program is licensed under the BSD-3 license. See the LICENSE file for details.
Components of this program may be licensed under more restrictive licenses which must be honored.
[INFO ORD-0030] Using 8 thread(s).
source /OpenROAD-flow-scripts/flow/platforms/asap7/liberty_suppressions.tcl
suppress_message STA 1212
Perform port buffering...
[INFO RSZ-0027] Inserted 18 input buffers.
[INFO RSZ-0028] Inserted 26 output buffers.
Perform buffer insertion and gate resizing...
repair_design -verbose
[INFO RSZ-0058] Using max wire length 162um.
Iteration |   Area    | Resized | Buffers | Nets repaired | Remaining
---------------------------------------------------------------------
        0 |     +0.0% |       0 |       0 |             0 |     63807
     1000 |     +0.0% |       2 |       0 |             0 |     62807
     2000 |     +0.0% |      19 |       0 |             0 |     61807
     3000 |     +0.0% |      27 |       0 |             0 |     60807
     4000 |     +0.0% |      31 |       0 |             0 |     59807
     5000 |     +0.0% |      35 |       0 |             0 |     58807
     6000 |     +0.0% |      42 |       0 |             0 |     57807
     7000 |     +0.0% |      46 |       0 |             0 |     56807
     8000 |     +0.0% |      47 |       0 |             0 |     55807
     9000 |     +0.0% |      50 |       0 |             0 |     54807
    10000 |     +0.0% |      50 |       0 |             0 |     53807
    11000 |     +0.0% |      50 |       0 |             0 |     52807
    12000 |     +0.0% |      50 |       0 |             0 |     51807
    13000 |     +0.0% |      50 |       0 |             0 |     50807
    14000 |     +0.0% |      50 |       0 |             0 |     49807
    15000 |     +0.0% |      51 |       0 |             0 |     48807
    16000 |     +0.0% |      52 |       0 |             0 |     47807
    17000 |     +0.0% |      52 |       0 |             0 |     46807
    18000 |     +0.0% |      58 |       0 |             0 |     45807
    19000 |     +0.0% |      58 |       0 |             0 |     44807
    20000 |     +0.0% |      58 |       0 |             0 |     43807
    21000 |     +0.0% |      59 |       0 |             0 |     42807
    22000 |     +0.0% |      62 |       0 |             0 |     41807
    23000 |     +0.0% |      62 |       0 |             0 |     40807
    24000 |     +0.0% |      62 |       0 |             0 |     39807
    25000 |     +0.0% |      63 |       0 |             0 |     38807
    26000 |     +0.0% |      67 |       0 |             0 |     37807
    27000 |     +0.0% |      67 |       0 |             0 |     36807
    28000 |     +0.0% |      70 |       0 |             0 |     35807
    29000 |     +0.0% |      71 |       0 |             0 |     34807
    30000 |     +0.0% |      75 |       0 |             0 |     33807
    31000 |     +0.0% |      75 |       0 |             0 |     32807
    32000 |     +0.0% |      81 |       0 |             0 |     31807
    33000 |     +0.0% |      85 |       1 |             1 |     30807
    34000 |     +0.0% |      85 |       1 |             1 |     29807
    35000 |     +0.0% |      86 |       1 |             1 |     28807
    36000 |     +0.0% |      93 |       1 |             1 |     27807
    37000 |     +0.0% |     103 |       1 |             1 |     26807
    38000 |     +0.0% |     104 |       1 |             1 |     25807
    39000 |     +0.0% |     107 |       2 |             2 |     24807
    40000 |     +0.0% |     108 |       2 |             2 |     23807
    41000 |     +0.0% |     111 |       2 |             2 |     22807
    42000 |     +0.0% |     120 |       2 |             2 |     21807
    43000 |     +0.0% |     129 |       2 |             2 |     20807
    44000 |     +0.0% |     136 |       2 |             2 |     19807
    45000 |     +0.0% |     136 |       2 |             2 |     18807
    46000 |     +0.0% |     147 |       2 |             2 |     17807
    47000 |     +0.0% |     170 |       2 |             2 |     16807
    48000 |     +0.0% |     181 |       2 |             2 |     15807
    49000 |     +0.0% |     183 |       2 |             2 |     14807
    50000 |     +0.0% |     187 |       2 |             2 |     13807
    51000 |     +0.0% |     193 |       3 |             3 |     12807
    52000 |     +0.0% |     202 |       3 |             3 |     11807
    53000 |     +0.0% |     202 |       3 |             3 |     10807
    54000 |     +0.0% |     202 |       3 |             3 |      9807
    55000 |     +0.0% |     211 |       3 |             3 |      8807
    56000 |     +0.0% |     216 |       3 |             3 |      7807
    57000 |     +0.0% |     216 |       3 |             3 |      6807
    58000 |     +0.1% |     233 |       3 |             3 |      5807
    59000 |     +0.1% |     241 |       3 |             3 |      4807
    60000 |     +0.1% |     245 |       3 |             3 |      3807
    61000 |     +0.1% |     247 |       3 |             3 |      2807
    62000 |     +0.1% |     250 |       3 |             3 |      1807
    63000 |     +0.1% |     254 |       3 |             3 |       807
    final |     +0.1% |     263 |       3 |             3 |         0
---------------------------------------------------------------------
[INFO RSZ-0037] Found 3 long wires.
[INFO RSZ-0039] Resized 263 instances.
[INFO RSZ-0038] Inserted 3 buffers in 3 nets.
Took 11 seconds: repair_design -verbose
Repair tie lo fanout...
[INFO RSZ-0042] Inserted 1 tie TIELOx1_ASAP7_75t_R instances.
Repair tie hi fanout...
[INFO RSZ-0042] Inserted 65 tie TIEHIx1_ASAP7_75t_R instances.
Floating nets: 
Report metrics stage 3, resizer...

==========================================================================
resizer report_design_area
--------------------------------------------------------------------------
Design area 6707 u^2 33% utilization.
Instance count before 58183, after 58294
Pin count before 183477, after 183635
Elapsed time: 0:59.39[h:]min:sec. CPU time: user 74.44 sys 23.93 (165%). Peak memory: 743992KB.
