OpenROAD v2.0-19576-gec1bf1a13 
Features included (+) or not (-): +GPU +GUI +Python : None
This program is licensed under the BSD-3 license. See the LICENSE file for details.
Components of this program may be licensed under more restrictive licenses which must be honored.
[INFO ORD-0030] Using 8 thread(s).
source /OpenROAD-flow-scripts/flow/platforms/asap7/liberty_suppressions.tcl
suppress_message STA 1212
clock_tree_synthesis -sink_clustering_enable -balance_levels -sink_clustering_size 50 -sink_clustering_max_diameter 20
[INFO CTS-0050] Root buffer is BUFx24_ASAP7_75t_R.
[INFO CTS-0051] Sink buffer is BUFx24_ASAP7_75t_R.
[INFO CTS-0052] The following clock buffers will be used for CTS:
                    BUFx24_ASAP7_75t_R
[INFO CTS-0049] Characterization buffer is BUFx24_ASAP7_75t_R.
[INFO CTS-0007] Net "clk" found for clock "clk".
[INFO CTS-0010]  Clock net "clk" has 4383 sinks.
[INFO CTS-0008] TritonCTS found 1 clock nets.
[INFO CTS-0097] Characterization used 1 buffer(s) types.
[INFO CTS-0200] 0 placement blockages have been identified.
[INFO CTS-0201] 0 placed hard macros will be treated like blockages.
[INFO CTS-0027] Generating H-Tree topology for net clk.
[INFO CTS-0028]  Total number of sinks: 4383.
[INFO CTS-0029]  Sinks will be clustered in groups of up to 50 and with maximum cluster diameter of 20.0 um.
[INFO CTS-0030]  Number of static layers: 0.
[INFO CTS-0020]  Wire segment unit: 1350  dbu (1 um).
[INFO CTS-0204] A clustering solution was found from clustering size of 50 and clustering diameter of 20.
[INFO CTS-0205] Better solution may be possible if either -sink_clustering_size, -sink_clustering_max_diameter, or both options are omitted to enable automatic clustering.
[INFO CTS-0019]  Total number of sinks after clustering: 104.
[INFO CTS-0024]  Normalized sink region: [(9.03113, 31.252), (99.3219, 104.228)].
[INFO CTS-0025]     Width:  90.2908.
[INFO CTS-0026]     Height: 72.9760.
 Level 1
    Direction: Horizontal
    Sinks per sub-region: 52
    Sub-region size: 45.1454 X 72.9760
[INFO CTS-0034]     Segment length (rounded): 22.
 Level 2
    Direction: Vertical
    Sinks per sub-region: 26
    Sub-region size: 45.1454 X 36.4880
[INFO CTS-0034]     Segment length (rounded): 18.
 Level 3
    Direction: Horizontal
    Sinks per sub-region: 13
    Sub-region size: 22.5727 X 36.4880
[INFO CTS-0034]     Segment length (rounded): 12.
[INFO CTS-0032]  Stop criterion found. Max number of sinks is 15.
[INFO CTS-0035]  Number of sinks covered: 104.
[INFO CTS-0018]     Created 117 clock buffers.
[INFO CTS-0012]     Minimum number of buffers in the clock path: 4.
[INFO CTS-0013]     Maximum number of buffers in the clock path: 4.
[INFO CTS-0015]     Created 117 clock nets.
[INFO CTS-0016]     Fanout distribution for the current clock = 7:1, 10:1, 11:3, 12:4, 13:2, 14:2, 15:1, 16:1, 20:1, 21:1, 22:2, 23:2, 24:1, 26:1, 29:1, 30:2, 31:3, 32:1, 33:1, 35:2, 37:1, 38:2, 39:2, 41:3, 42:4, 44:2, 46:3, 48:1, 50:61..
[INFO CTS-0017]     Max level of the clock tree: 3.
[INFO CTS-0098] Clock net "clk"
[INFO CTS-0099]  Sinks 4482
[INFO CTS-0100]  Leaf buffers 104
[INFO CTS-0101]  Average sink wire length 196.39 um
[INFO CTS-0102]  Path depth 3 - 4
[INFO CTS-0207]  Leaf load cells 99
[INFO RSZ-0058] Using max wire length 162um.
Placement Analysis
---------------------------------
total displacement        360.3 u
average displacement        0.0 u
max displacement            1.3 u
original HPWL          230977.1 u
legalized HPWL         235138.4 u
delta HPWL                    2 %

repair_timing -verbose -setup_margin 0 -hold_margin 0 -repair_tns 100
[INFO RSZ-0098] No setup violations found
[INFO RSZ-0033] No hold violations found.
